<?xml version="1.0" encoding="UTF-8"?>
<!-- Generated by org.testng.reporters.JUnitXMLReporter -->
<testsuite hostname="DESKTOP-LI8NPUC" ignored="0" name="Customer_24" tests="1" failures="1" timestamp="2020-04-09T19:48:50 ICT" time="0.382" errors="0">
  <testcase name="addCustomer" time="0.088" classname="unitTest.CustomerDAOTest">
    <failure type="java.lang.AssertionError" message="expected [false] but found [true]">
      <![CDATA[java.lang.AssertionError: expected [false] but found [true]
at unitTest.CustomerDAOTest.addCustomer(CustomerDAOTest.java:54)
at org.springframework.test.context.testng.AbstractTestNGSpringContextTests.run(AbstractTestNGSpringContextTests.java:180)
at java.util.ArrayList.forEach(Unknown Source)
... Removed 32 stack frames]]>
    </failure>
  </testcase> <!-- addCustomer -->
</testsuite> <!-- Customer_24 -->
