<?xml version="1.0" encoding="UTF-8"?>
<!-- Generated by org.testng.reporters.JUnitXMLReporter -->
<testsuite hostname="DESKTOP-LI8NPUC" ignored="0" name="Add_47" tests="1" failures="1" timestamp="2020-04-09T17:01:36 ICT" time="0.014" errors="0">
  <testcase name="addProduct" time="0.0" classname="unitTest.ProductDAOTest">
    <failure type="org.testng.TestNGException" message="
Conversion issue on parameter: gia">
      <![CDATA[org.testng.TestNGException: 
Conversion issue on parameter: gia
at java.util.ArrayList.forEach(Unknown Source)
Caused by: java.lang.NumberFormatException: For input string: "12.009"
at java.lang.NumberFormatException.forInputString(Unknown Source)
at java.lang.Integer.parseInt(Unknown Source)
at java.lang.Integer.valueOf(Unknown Source)
... 27 more
... Removed 28 stack frames]]>
    </failure>
  </testcase> <!-- addProduct -->
</testsuite> <!-- Add_47 -->
