<?xml version="1.0" encoding="UTF-8"?>
<!-- Generated by org.testng.reporters.JUnitXMLReporter -->
<testsuite hostname="DESKTOP-LI8NPUC" ignored="0" name="Add_33" tests="1" failures="1" timestamp="2020-04-09T17:01:37 ICT" time="0.024" errors="0">
  <testcase name="addProduct" time="0.006" classname="unitTest.ProductDAOTest">
    <failure type="java.lang.AssertionError" message="expected [false] but found [true]">
      <![CDATA[java.lang.AssertionError: expected [false] but found [true]
at unitTest.ProductDAOTest.addProduct(ProductDAOTest.java:61)
at org.springframework.test.context.testng.AbstractTestNGSpringContextTests.run(AbstractTestNGSpringContextTests.java:180)
at java.util.ArrayList.forEach(Unknown Source)
... Removed 32 stack frames]]>
    </failure>
  </testcase> <!-- addProduct -->
</testsuite> <!-- Add_33 -->
