<?xml version="1.0" encoding="UTF-8"?>
<testng-results skipped="0" failed="7" ignored="0" total="49" passed="42">
  <reporter-output>
  </reporter-output>
  <suite name="Suite" duration-ms="42320" started-at="2020-04-09T19:48:12 ICT" finished-at="2020-04-09T19:48:55 ICT">
    <groups>
    </groups>
    <test name="Customer_1" duration-ms="25544" started-at="2020-04-09T19:48:12 ICT" finished-at="2020-04-09T19:48:38 ICT">
      <class name="unitTest.CustomerDAOTest">
        <test-method status="PASS" signature="springTestContextBeforeTestClass()[pri:0, instance:unitTest.CustomerDAOTest@d21a74c]" name="springTestContextBeforeTestClass" is-config="true" duration-ms="55" started-at="2020-04-09T19:48:13 ICT" finished-at="2020-04-09T19:48:13 ICT">
          <reporter-output>
          </reporter-output>
        </test-method> <!-- springTestContextBeforeTestClass -->
        <test-method status="PASS" signature="springTestContextPrepareTestInstance()[pri:0, instance:unitTest.CustomerDAOTest@d21a74c]" name="springTestContextPrepareTestInstance" is-config="true" duration-ms="23930" started-at="2020-04-09T19:48:13 ICT" depends-on-methods="org.springframework.test.context.testng.AbstractTestNGSpringContextTests.springTestContextBeforeTestClass" finished-at="2020-04-09T19:48:37 ICT">
          <reporter-output>
          </reporter-output>
        </test-method> <!-- springTestContextPrepareTestInstance -->
        <test-method status="PASS" signature="springTestContextBeforeTestMethod(java.lang.reflect.Method)[pri:0, instance:unitTest.CustomerDAOTest@d21a74c]" name="springTestContextBeforeTestMethod" is-config="true" duration-ms="1" started-at="2020-04-09T19:48:37 ICT" finished-at="2020-04-09T19:48:37 ICT">
          <params>
            <param index="0">
              <value>
                <![CDATA[public void unitTest.CustomerDAOTest.addCustomer(java.lang.String,java.lang.String,java.lang.String,java.lang.Boolean,java.lang.String,java.lang.String,java.lang.Boolean)]]>
              </value>
            </param>
          </params>
          <reporter-output>
          </reporter-output>
        </test-method> <!-- springTestContextBeforeTestMethod -->
        <test-method status="PASS" signature="newCustomer()[pri:0, instance:unitTest.CustomerDAOTest@d21a74c]" name="newCustomer" is-config="true" duration-ms="0" started-at="2020-04-09T19:48:37 ICT" finished-at="2020-04-09T19:48:37 ICT">
          <reporter-output>
          </reporter-output>
        </test-method> <!-- newCustomer -->
        <test-method status="PASS" signature="addCustomer(java.lang.String, java.lang.String, java.lang.String, java.lang.Boolean, java.lang.String, java.lang.String, java.lang.Boolean)[pri:0, instance:unitTest.CustomerDAOTest@d21a74c]" name="addCustomer" duration-ms="946" started-at="2020-04-09T19:48:37 ICT" finished-at="2020-04-09T19:48:38 ICT">
          <params>
            <param index="0">
              <value>
                <![CDATA[Nguy?n Minh Châu]]>
              </value>
            </param>
            <param index="1">
              <value>
                <![CDATA[loosepussy99]]>
              </value>
            </param>
            <param index="2">
              <value>
                <![CDATA[123456]]>
              </value>
            </param>
            <param index="3">
              <value>
                <![CDATA[false]]>
              </value>
            </param>
            <param index="4">
              <value>
                <![CDATA[0987654321]]>
              </value>
            </param>
            <param index="5">
              <value>
                <![CDATA[6a Wall Street]]>
              </value>
            </param>
            <param index="6">
              <value>
                <![CDATA[true]]>
              </value>
            </param>
          </params>
          <reporter-output>
          </reporter-output>
        </test-method> <!-- addCustomer -->
        <test-method status="PASS" signature="delCustomer()[pri:0, instance:unitTest.CustomerDAOTest@d21a74c]" name="delCustomer" is-config="true" duration-ms="320" started-at="2020-04-09T19:48:38 ICT" finished-at="2020-04-09T19:48:38 ICT">
          <reporter-output>
          </reporter-output>
        </test-method> <!-- delCustomer -->
        <test-method status="PASS" signature="springTestContextAfterTestMethod(java.lang.reflect.Method)[pri:0, instance:unitTest.CustomerDAOTest@d21a74c]" name="springTestContextAfterTestMethod" is-config="true" duration-ms="1" started-at="2020-04-09T19:48:38 ICT" finished-at="2020-04-09T19:48:38 ICT">
          <params>
            <param index="0">
              <value>
                <![CDATA[public void unitTest.CustomerDAOTest.addCustomer(java.lang.String,java.lang.String,java.lang.String,java.lang.Boolean,java.lang.String,java.lang.String,java.lang.Boolean)]]>
              </value>
            </param>
          </params>
          <reporter-output>
          </reporter-output>
        </test-method> <!-- springTestContextAfterTestMethod -->
        <test-method status="PASS" signature="springTestContextAfterTestClass()[pri:0, instance:unitTest.CustomerDAOTest@d21a74c]" name="springTestContextAfterTestClass" is-config="true" duration-ms="1" started-at="2020-04-09T19:48:38 ICT" finished-at="2020-04-09T19:48:38 ICT">
          <reporter-output>
          </reporter-output>
        </test-method> <!-- springTestContextAfterTestClass -->
      </class> <!-- unitTest.CustomerDAOTest -->
    </test> <!-- Customer_1 -->
    <test name="Customer_2" duration-ms="371" started-at="2020-04-09T19:48:39 ICT" finished-at="2020-04-09T19:48:39 ICT">
      <class name="unitTest.CustomerDAOTest">
        <test-method status="PASS" signature="springTestContextBeforeTestClass()[pri:0, instance:unitTest.CustomerDAOTest@5ab9e72c]" name="springTestContextBeforeTestClass" is-config="true" duration-ms="0" started-at="2020-04-09T19:48:39 ICT" finished-at="2020-04-09T19:48:39 ICT">
          <reporter-output>
          </reporter-output>
        </test-method> <!-- springTestContextBeforeTestClass -->
        <test-method status="PASS" signature="springTestContextPrepareTestInstance()[pri:0, instance:unitTest.CustomerDAOTest@5ab9e72c]" name="springTestContextPrepareTestInstance" is-config="true" duration-ms="2" started-at="2020-04-09T19:48:39 ICT" depends-on-methods="org.springframework.test.context.testng.AbstractTestNGSpringContextTests.springTestContextBeforeTestClass" finished-at="2020-04-09T19:48:39 ICT">
          <reporter-output>
          </reporter-output>
        </test-method> <!-- springTestContextPrepareTestInstance -->
        <test-method status="PASS" signature="springTestContextBeforeTestMethod(java.lang.reflect.Method)[pri:0, instance:unitTest.CustomerDAOTest@5ab9e72c]" name="springTestContextBeforeTestMethod" is-config="true" duration-ms="0" started-at="2020-04-09T19:48:39 ICT" finished-at="2020-04-09T19:48:39 ICT">
          <params>
            <param index="0">
              <value>
                <![CDATA[public void unitTest.CustomerDAOTest.addCustomer(java.lang.String,java.lang.String,java.lang.String,java.lang.Boolean,java.lang.String,java.lang.String,java.lang.Boolean)]]>
              </value>
            </param>
          </params>
          <reporter-output>
          </reporter-output>
        </test-method> <!-- springTestContextBeforeTestMethod -->
        <test-method status="PASS" signature="newCustomer()[pri:0, instance:unitTest.CustomerDAOTest@5ab9e72c]" name="newCustomer" is-config="true" duration-ms="1" started-at="2020-04-09T19:48:39 ICT" finished-at="2020-04-09T19:48:39 ICT">
          <reporter-output>
          </reporter-output>
        </test-method> <!-- newCustomer -->
        <test-method status="FAIL" signature="addCustomer(java.lang.String, java.lang.String, java.lang.String, java.lang.Boolean, java.lang.String, java.lang.String, java.lang.Boolean)[pri:0, instance:unitTest.CustomerDAOTest@5ab9e72c]" name="addCustomer" duration-ms="107" started-at="2020-04-09T19:48:39 ICT" finished-at="2020-04-09T19:48:39 ICT">
          <params>
            <param index="0">
              <value>
                <![CDATA[Nguy?n Minh Châu @#$]]>
              </value>
            </param>
            <param index="1">
              <value>
                <![CDATA[loosepussy99]]>
              </value>
            </param>
            <param index="2">
              <value>
                <![CDATA[123456]]>
              </value>
            </param>
            <param index="3">
              <value>
                <![CDATA[false]]>
              </value>
            </param>
            <param index="4">
              <value>
                <![CDATA[0987654321]]>
              </value>
            </param>
            <param index="5">
              <value>
                <![CDATA[6a Wall Street]]>
              </value>
            </param>
            <param index="6">
              <value>
                <![CDATA[false]]>
              </value>
            </param>
          </params>
          <exception class="java.lang.AssertionError">
            <message>
              <![CDATA[expected [false] but found [true]]]>
            </message>
            <full-stacktrace>
              <![CDATA[java.lang.AssertionError: expected [false] but found [true]
at org.testng.Assert.fail(Assert.java:97)
at org.testng.Assert.assertEqualsImpl(Assert.java:136)
at org.testng.Assert.assertEquals(Assert.java:118)
at org.testng.Assert.assertEquals(Assert.java:563)
at unitTest.CustomerDAOTest.addCustomer(CustomerDAOTest.java:54)
at sun.reflect.NativeMethodAccessorImpl.invoke0(Native Method)
at sun.reflect.NativeMethodAccessorImpl.invoke(Unknown Source)
at sun.reflect.DelegatingMethodAccessorImpl.invoke(Unknown Source)
at java.lang.reflect.Method.invoke(Unknown Source)
at org.testng.internal.MethodInvocationHelper.invokeMethod(MethodInvocationHelper.java:133)
at org.testng.internal.MethodInvocationHelper$1.runTestMethod(MethodInvocationHelper.java:239)
at org.springframework.test.context.testng.AbstractTestNGSpringContextTests.run(AbstractTestNGSpringContextTests.java:180)
at org.testng.internal.MethodInvocationHelper.invokeHookable(MethodInvocationHelper.java:251)
at org.testng.internal.TestInvoker.invokeMethod(TestInvoker.java:580)
at org.testng.internal.TestInvoker.invokeTestMethod(TestInvoker.java:172)
at org.testng.internal.MethodRunner.runInSequence(MethodRunner.java:46)
at org.testng.internal.TestInvoker$MethodInvocationAgent.invoke(TestInvoker.java:804)
at org.testng.internal.TestInvoker.invokeTestMethods(TestInvoker.java:145)
at org.testng.internal.TestMethodWorker.invokeTestMethods(TestMethodWorker.java:146)
at org.testng.internal.TestMethodWorker.run(TestMethodWorker.java:128)
at java.util.ArrayList.forEach(Unknown Source)
at org.testng.TestRunner.privateRun(TestRunner.java:770)
at org.testng.TestRunner.run(TestRunner.java:591)
at org.testng.SuiteRunner.runTest(SuiteRunner.java:402)
at org.testng.SuiteRunner.runSequentially(SuiteRunner.java:396)
at org.testng.SuiteRunner.privateRun(SuiteRunner.java:355)
at org.testng.SuiteRunner.run(SuiteRunner.java:304)
at org.testng.SuiteRunnerWorker.runSuite(SuiteRunnerWorker.java:53)
at org.testng.SuiteRunnerWorker.run(SuiteRunnerWorker.java:96)
at org.testng.TestNG.runSuitesSequentially(TestNG.java:1180)
at org.testng.TestNG.runSuitesLocally(TestNG.java:1102)
at org.testng.TestNG.runSuites(TestNG.java:1032)
at org.testng.TestNG.run(TestNG.java:1000)
at org.testng.remote.AbstractRemoteTestNG.run(AbstractRemoteTestNG.java:115)
at org.testng.remote.RemoteTestNG.initAndRun(RemoteTestNG.java:251)
at org.testng.remote.RemoteTestNG.main(RemoteTestNG.java:77)
]]>
            </full-stacktrace>
          </exception> <!-- java.lang.AssertionError -->
          <reporter-output>
          </reporter-output>
        </test-method> <!-- addCustomer -->
        <test-method status="PASS" signature="delCustomer()[pri:0, instance:unitTest.CustomerDAOTest@5ab9e72c]" name="delCustomer" is-config="true" duration-ms="137" started-at="2020-04-09T19:48:39 ICT" finished-at="2020-04-09T19:48:39 ICT">
          <reporter-output>
          </reporter-output>
        </test-method> <!-- delCustomer -->
        <test-method status="PASS" signature="springTestContextAfterTestMethod(java.lang.reflect.Method)[pri:0, instance:unitTest.CustomerDAOTest@5ab9e72c]" name="springTestContextAfterTestMethod" is-config="true" duration-ms="1" started-at="2020-04-09T19:48:39 ICT" finished-at="2020-04-09T19:48:39 ICT">
          <params>
            <param index="0">
              <value>
                <![CDATA[public void unitTest.CustomerDAOTest.addCustomer(java.lang.String,java.lang.String,java.lang.String,java.lang.Boolean,java.lang.String,java.lang.String,java.lang.Boolean)]]>
              </value>
            </param>
          </params>
          <reporter-output>
          </reporter-output>
        </test-method> <!-- springTestContextAfterTestMethod -->
        <test-method status="PASS" signature="springTestContextAfterTestClass()[pri:0, instance:unitTest.CustomerDAOTest@5ab9e72c]" name="springTestContextAfterTestClass" is-config="true" duration-ms="0" started-at="2020-04-09T19:48:39 ICT" finished-at="2020-04-09T19:48:39 ICT">
          <reporter-output>
          </reporter-output>
        </test-method> <!-- springTestContextAfterTestClass -->
      </class> <!-- unitTest.CustomerDAOTest -->
    </test> <!-- Customer_2 -->
    <test name="Customer_3" duration-ms="260" started-at="2020-04-09T19:48:40 ICT" finished-at="2020-04-09T19:48:40 ICT">
      <class name="unitTest.CustomerDAOTest">
        <test-method status="PASS" signature="springTestContextBeforeTestClass()[pri:0, instance:unitTest.CustomerDAOTest@236e3f4e]" name="springTestContextBeforeTestClass" is-config="true" duration-ms="1" started-at="2020-04-09T19:48:40 ICT" finished-at="2020-04-09T19:48:40 ICT">
          <reporter-output>
          </reporter-output>
        </test-method> <!-- springTestContextBeforeTestClass -->
        <test-method status="PASS" signature="springTestContextPrepareTestInstance()[pri:0, instance:unitTest.CustomerDAOTest@236e3f4e]" name="springTestContextPrepareTestInstance" is-config="true" duration-ms="1" started-at="2020-04-09T19:48:40 ICT" depends-on-methods="org.springframework.test.context.testng.AbstractTestNGSpringContextTests.springTestContextBeforeTestClass" finished-at="2020-04-09T19:48:40 ICT">
          <reporter-output>
          </reporter-output>
        </test-method> <!-- springTestContextPrepareTestInstance -->
        <test-method status="PASS" signature="springTestContextBeforeTestMethod(java.lang.reflect.Method)[pri:0, instance:unitTest.CustomerDAOTest@236e3f4e]" name="springTestContextBeforeTestMethod" is-config="true" duration-ms="0" started-at="2020-04-09T19:48:40 ICT" finished-at="2020-04-09T19:48:40 ICT">
          <params>
            <param index="0">
              <value>
                <![CDATA[public void unitTest.CustomerDAOTest.addCustomer(java.lang.String,java.lang.String,java.lang.String,java.lang.Boolean,java.lang.String,java.lang.String,java.lang.Boolean)]]>
              </value>
            </param>
          </params>
          <reporter-output>
          </reporter-output>
        </test-method> <!-- springTestContextBeforeTestMethod -->
        <test-method status="PASS" signature="newCustomer()[pri:0, instance:unitTest.CustomerDAOTest@236e3f4e]" name="newCustomer" is-config="true" duration-ms="0" started-at="2020-04-09T19:48:40 ICT" finished-at="2020-04-09T19:48:40 ICT">
          <reporter-output>
          </reporter-output>
        </test-method> <!-- newCustomer -->
        <test-method status="PASS" signature="addCustomer(java.lang.String, java.lang.String, java.lang.String, java.lang.Boolean, java.lang.String, java.lang.String, java.lang.Boolean)[pri:0, instance:unitTest.CustomerDAOTest@236e3f4e]" name="addCustomer" duration-ms="60" started-at="2020-04-09T19:48:40 ICT" finished-at="2020-04-09T19:48:40 ICT">
          <params>
            <param index="0">
              <value is-null="true"/>
            </param>
            <param index="1">
              <value>
                <![CDATA[loosepussy99]]>
              </value>
            </param>
            <param index="2">
              <value>
                <![CDATA[123456]]>
              </value>
            </param>
            <param index="3">
              <value>
                <![CDATA[false]]>
              </value>
            </param>
            <param index="4">
              <value>
                <![CDATA[0987654321]]>
              </value>
            </param>
            <param index="5">
              <value>
                <![CDATA[6a Wall Street]]>
              </value>
            </param>
            <param index="6">
              <value>
                <![CDATA[false]]>
              </value>
            </param>
          </params>
          <reporter-output>
          </reporter-output>
        </test-method> <!-- addCustomer -->
        <test-method status="PASS" signature="delCustomer()[pri:0, instance:unitTest.CustomerDAOTest@236e3f4e]" name="delCustomer" is-config="true" duration-ms="114" started-at="2020-04-09T19:48:40 ICT" finished-at="2020-04-09T19:48:40 ICT">
          <reporter-output>
          </reporter-output>
        </test-method> <!-- delCustomer -->
        <test-method status="PASS" signature="springTestContextAfterTestMethod(java.lang.reflect.Method)[pri:0, instance:unitTest.CustomerDAOTest@236e3f4e]" name="springTestContextAfterTestMethod" is-config="true" duration-ms="1" started-at="2020-04-09T19:48:40 ICT" finished-at="2020-04-09T19:48:40 ICT">
          <params>
            <param index="0">
              <value>
                <![CDATA[public void unitTest.CustomerDAOTest.addCustomer(java.lang.String,java.lang.String,java.lang.String,java.lang.Boolean,java.lang.String,java.lang.String,java.lang.Boolean)]]>
              </value>
            </param>
          </params>
          <reporter-output>
          </reporter-output>
        </test-method> <!-- springTestContextAfterTestMethod -->
        <test-method status="PASS" signature="springTestContextAfterTestClass()[pri:0, instance:unitTest.CustomerDAOTest@236e3f4e]" name="springTestContextAfterTestClass" is-config="true" duration-ms="1" started-at="2020-04-09T19:48:40 ICT" finished-at="2020-04-09T19:48:40 ICT">
          <reporter-output>
          </reporter-output>
        </test-method> <!-- springTestContextAfterTestClass -->
      </class> <!-- unitTest.CustomerDAOTest -->
    </test> <!-- Customer_3 -->
    <test name="Customer_4" duration-ms="246" started-at="2020-04-09T19:48:40 ICT" finished-at="2020-04-09T19:48:40 ICT">
      <class name="unitTest.CustomerDAOTest">
        <test-method status="PASS" signature="springTestContextPrepareTestInstance()[pri:0, instance:unitTest.CustomerDAOTest@6497b078]" name="springTestContextPrepareTestInstance" is-config="true" duration-ms="1" started-at="2020-04-09T19:48:40 ICT" depends-on-methods="org.springframework.test.context.testng.AbstractTestNGSpringContextTests.springTestContextBeforeTestClass" finished-at="2020-04-09T19:48:40 ICT">
          <reporter-output>
          </reporter-output>
        </test-method> <!-- springTestContextPrepareTestInstance -->
        <test-method status="PASS" signature="springTestContextBeforeTestClass()[pri:0, instance:unitTest.CustomerDAOTest@6497b078]" name="springTestContextBeforeTestClass" is-config="true" duration-ms="0" started-at="2020-04-09T19:48:40 ICT" finished-at="2020-04-09T19:48:40 ICT">
          <reporter-output>
          </reporter-output>
        </test-method> <!-- springTestContextBeforeTestClass -->
        <test-method status="PASS" signature="springTestContextBeforeTestMethod(java.lang.reflect.Method)[pri:0, instance:unitTest.CustomerDAOTest@6497b078]" name="springTestContextBeforeTestMethod" is-config="true" duration-ms="2" started-at="2020-04-09T19:48:40 ICT" finished-at="2020-04-09T19:48:40 ICT">
          <params>
            <param index="0">
              <value>
                <![CDATA[public void unitTest.CustomerDAOTest.addCustomer(java.lang.String,java.lang.String,java.lang.String,java.lang.Boolean,java.lang.String,java.lang.String,java.lang.Boolean)]]>
              </value>
            </param>
          </params>
          <reporter-output>
          </reporter-output>
        </test-method> <!-- springTestContextBeforeTestMethod -->
        <test-method status="PASS" signature="newCustomer()[pri:0, instance:unitTest.CustomerDAOTest@6497b078]" name="newCustomer" is-config="true" duration-ms="1" started-at="2020-04-09T19:48:40 ICT" finished-at="2020-04-09T19:48:40 ICT">
          <reporter-output>
          </reporter-output>
        </test-method> <!-- newCustomer -->
        <test-method status="PASS" signature="addCustomer(java.lang.String, java.lang.String, java.lang.String, java.lang.Boolean, java.lang.String, java.lang.String, java.lang.Boolean)[pri:0, instance:unitTest.CustomerDAOTest@6497b078]" name="addCustomer" duration-ms="26" started-at="2020-04-09T19:48:40 ICT" finished-at="2020-04-09T19:48:40 ICT">
          <params>
            <param index="0">
              <value>
                <![CDATA[N]]>
              </value>
            </param>
            <param index="1">
              <value>
                <![CDATA[loosepussy99]]>
              </value>
            </param>
            <param index="2">
              <value>
                <![CDATA[123456]]>
              </value>
            </param>
            <param index="3">
              <value>
                <![CDATA[false]]>
              </value>
            </param>
            <param index="4">
              <value>
                <![CDATA[0987654321]]>
              </value>
            </param>
            <param index="5">
              <value>
                <![CDATA[6a Wall Street]]>
              </value>
            </param>
            <param index="6">
              <value>
                <![CDATA[true]]>
              </value>
            </param>
          </params>
          <reporter-output>
          </reporter-output>
        </test-method> <!-- addCustomer -->
        <test-method status="PASS" signature="delCustomer()[pri:0, instance:unitTest.CustomerDAOTest@6497b078]" name="delCustomer" is-config="true" duration-ms="119" started-at="2020-04-09T19:48:40 ICT" finished-at="2020-04-09T19:48:40 ICT">
          <reporter-output>
          </reporter-output>
        </test-method> <!-- delCustomer -->
        <test-method status="PASS" signature="springTestContextAfterTestMethod(java.lang.reflect.Method)[pri:0, instance:unitTest.CustomerDAOTest@6497b078]" name="springTestContextAfterTestMethod" is-config="true" duration-ms="1" started-at="2020-04-09T19:48:40 ICT" finished-at="2020-04-09T19:48:40 ICT">
          <params>
            <param index="0">
              <value>
                <![CDATA[public void unitTest.CustomerDAOTest.addCustomer(java.lang.String,java.lang.String,java.lang.String,java.lang.Boolean,java.lang.String,java.lang.String,java.lang.Boolean)]]>
              </value>
            </param>
          </params>
          <reporter-output>
          </reporter-output>
        </test-method> <!-- springTestContextAfterTestMethod -->
        <test-method status="PASS" signature="springTestContextAfterTestClass()[pri:0, instance:unitTest.CustomerDAOTest@6497b078]" name="springTestContextAfterTestClass" is-config="true" duration-ms="0" started-at="2020-04-09T19:48:40 ICT" finished-at="2020-04-09T19:48:40 ICT">
          <reporter-output>
          </reporter-output>
        </test-method> <!-- springTestContextAfterTestClass -->
      </class> <!-- unitTest.CustomerDAOTest -->
    </test> <!-- Customer_4 -->
    <test name="Customer_5" duration-ms="251" started-at="2020-04-09T19:48:41 ICT" finished-at="2020-04-09T19:48:41 ICT">
      <class name="unitTest.CustomerDAOTest">
        <test-method status="PASS" signature="springTestContextBeforeTestClass()[pri:0, instance:unitTest.CustomerDAOTest@f381794]" name="springTestContextBeforeTestClass" is-config="true" duration-ms="0" started-at="2020-04-09T19:48:41 ICT" finished-at="2020-04-09T19:48:41 ICT">
          <reporter-output>
          </reporter-output>
        </test-method> <!-- springTestContextBeforeTestClass -->
        <test-method status="PASS" signature="springTestContextPrepareTestInstance()[pri:0, instance:unitTest.CustomerDAOTest@f381794]" name="springTestContextPrepareTestInstance" is-config="true" duration-ms="1" started-at="2020-04-09T19:48:41 ICT" depends-on-methods="org.springframework.test.context.testng.AbstractTestNGSpringContextTests.springTestContextBeforeTestClass" finished-at="2020-04-09T19:48:41 ICT">
          <reporter-output>
          </reporter-output>
        </test-method> <!-- springTestContextPrepareTestInstance -->
        <test-method status="PASS" signature="springTestContextBeforeTestMethod(java.lang.reflect.Method)[pri:0, instance:unitTest.CustomerDAOTest@f381794]" name="springTestContextBeforeTestMethod" is-config="true" duration-ms="0" started-at="2020-04-09T19:48:41 ICT" finished-at="2020-04-09T19:48:41 ICT">
          <params>
            <param index="0">
              <value>
                <![CDATA[public void unitTest.CustomerDAOTest.addCustomer(java.lang.String,java.lang.String,java.lang.String,java.lang.Boolean,java.lang.String,java.lang.String,java.lang.Boolean)]]>
              </value>
            </param>
          </params>
          <reporter-output>
          </reporter-output>
        </test-method> <!-- springTestContextBeforeTestMethod -->
        <test-method status="PASS" signature="newCustomer()[pri:0, instance:unitTest.CustomerDAOTest@f381794]" name="newCustomer" is-config="true" duration-ms="1" started-at="2020-04-09T19:48:41 ICT" finished-at="2020-04-09T19:48:41 ICT">
          <reporter-output>
          </reporter-output>
        </test-method> <!-- newCustomer -->
        <test-method status="PASS" signature="addCustomer(java.lang.String, java.lang.String, java.lang.String, java.lang.Boolean, java.lang.String, java.lang.String, java.lang.Boolean)[pri:0, instance:unitTest.CustomerDAOTest@f381794]" name="addCustomer" duration-ms="111" started-at="2020-04-09T19:48:41 ICT" finished-at="2020-04-09T19:48:41 ICT">
          <params>
            <param index="0">
              <value>
                <![CDATA[Ng]]>
              </value>
            </param>
            <param index="1">
              <value>
                <![CDATA[loosepussy99]]>
              </value>
            </param>
            <param index="2">
              <value>
                <![CDATA[123456]]>
              </value>
            </param>
            <param index="3">
              <value>
                <![CDATA[false]]>
              </value>
            </param>
            <param index="4">
              <value>
                <![CDATA[0987654321]]>
              </value>
            </param>
            <param index="5">
              <value>
                <![CDATA[6a Wall Street]]>
              </value>
            </param>
            <param index="6">
              <value>
                <![CDATA[true]]>
              </value>
            </param>
          </params>
          <reporter-output>
          </reporter-output>
        </test-method> <!-- addCustomer -->
        <test-method status="PASS" signature="delCustomer()[pri:0, instance:unitTest.CustomerDAOTest@f381794]" name="delCustomer" is-config="true" duration-ms="106" started-at="2020-04-09T19:48:41 ICT" finished-at="2020-04-09T19:48:41 ICT">
          <reporter-output>
          </reporter-output>
        </test-method> <!-- delCustomer -->
        <test-method status="PASS" signature="springTestContextAfterTestClass()[pri:0, instance:unitTest.CustomerDAOTest@f381794]" name="springTestContextAfterTestClass" is-config="true" duration-ms="0" started-at="2020-04-09T19:48:41 ICT" finished-at="2020-04-09T19:48:41 ICT">
          <reporter-output>
          </reporter-output>
        </test-method> <!-- springTestContextAfterTestClass -->
        <test-method status="PASS" signature="springTestContextAfterTestMethod(java.lang.reflect.Method)[pri:0, instance:unitTest.CustomerDAOTest@f381794]" name="springTestContextAfterTestMethod" is-config="true" duration-ms="0" started-at="2020-04-09T19:48:41 ICT" finished-at="2020-04-09T19:48:41 ICT">
          <params>
            <param index="0">
              <value>
                <![CDATA[public void unitTest.CustomerDAOTest.addCustomer(java.lang.String,java.lang.String,java.lang.String,java.lang.Boolean,java.lang.String,java.lang.String,java.lang.Boolean)]]>
              </value>
            </param>
          </params>
          <reporter-output>
          </reporter-output>
        </test-method> <!-- springTestContextAfterTestMethod -->
      </class> <!-- unitTest.CustomerDAOTest -->
    </test> <!-- Customer_5 -->
    <test name="Customer_6" duration-ms="90" started-at="2020-04-09T19:48:41 ICT" finished-at="2020-04-09T19:48:41 ICT">
      <class name="unitTest.CustomerDAOTest">
        <test-method status="PASS" signature="springTestContextBeforeTestClass()[pri:0, instance:unitTest.CustomerDAOTest@e1de817]" name="springTestContextBeforeTestClass" is-config="true" duration-ms="5" started-at="2020-04-09T19:48:41 ICT" finished-at="2020-04-09T19:48:41 ICT">
          <reporter-output>
          </reporter-output>
        </test-method> <!-- springTestContextBeforeTestClass -->
        <test-method status="PASS" signature="springTestContextPrepareTestInstance()[pri:0, instance:unitTest.CustomerDAOTest@e1de817]" name="springTestContextPrepareTestInstance" is-config="true" duration-ms="0" started-at="2020-04-09T19:48:41 ICT" depends-on-methods="org.springframework.test.context.testng.AbstractTestNGSpringContextTests.springTestContextBeforeTestClass" finished-at="2020-04-09T19:48:41 ICT">
          <reporter-output>
          </reporter-output>
        </test-method> <!-- springTestContextPrepareTestInstance -->
        <test-method status="PASS" signature="springTestContextBeforeTestMethod(java.lang.reflect.Method)[pri:0, instance:unitTest.CustomerDAOTest@e1de817]" name="springTestContextBeforeTestMethod" is-config="true" duration-ms="0" started-at="2020-04-09T19:48:41 ICT" finished-at="2020-04-09T19:48:41 ICT">
          <params>
            <param index="0">
              <value>
                <![CDATA[public void unitTest.CustomerDAOTest.addCustomer(java.lang.String,java.lang.String,java.lang.String,java.lang.Boolean,java.lang.String,java.lang.String,java.lang.Boolean)]]>
              </value>
            </param>
          </params>
          <reporter-output>
          </reporter-output>
        </test-method> <!-- springTestContextBeforeTestMethod -->
        <test-method status="PASS" signature="newCustomer()[pri:0, instance:unitTest.CustomerDAOTest@e1de817]" name="newCustomer" is-config="true" duration-ms="0" started-at="2020-04-09T19:48:41 ICT" finished-at="2020-04-09T19:48:41 ICT">
          <reporter-output>
          </reporter-output>
        </test-method> <!-- newCustomer -->
        <test-method status="PASS" signature="addCustomer(java.lang.String, java.lang.String, java.lang.String, java.lang.Boolean, java.lang.String, java.lang.String, java.lang.Boolean)[pri:0, instance:unitTest.CustomerDAOTest@e1de817]" name="addCustomer" duration-ms="26" started-at="2020-04-09T19:48:41 ICT" finished-at="2020-04-09T19:48:41 ICT">
          <params>
            <param index="0">
              <value>
                <![CDATA[Nq?ertyuiopsadfghjklzxcvbnmqwertyuiopasdfghjklzxc]]>
              </value>
            </param>
            <param index="1">
              <value>
                <![CDATA[loosepussy99]]>
              </value>
            </param>
            <param index="2">
              <value>
                <![CDATA[123456]]>
              </value>
            </param>
            <param index="3">
              <value>
                <![CDATA[false]]>
              </value>
            </param>
            <param index="4">
              <value>
                <![CDATA[0987654321]]>
              </value>
            </param>
            <param index="5">
              <value>
                <![CDATA[6a Wall Street]]>
              </value>
            </param>
            <param index="6">
              <value>
                <![CDATA[true]]>
              </value>
            </param>
          </params>
          <reporter-output>
          </reporter-output>
        </test-method> <!-- addCustomer -->
        <test-method status="PASS" signature="delCustomer()[pri:0, instance:unitTest.CustomerDAOTest@e1de817]" name="delCustomer" is-config="true" duration-ms="32" started-at="2020-04-09T19:48:41 ICT" finished-at="2020-04-09T19:48:41 ICT">
          <reporter-output>
          </reporter-output>
        </test-method> <!-- delCustomer -->
        <test-method status="PASS" signature="springTestContextAfterTestMethod(java.lang.reflect.Method)[pri:0, instance:unitTest.CustomerDAOTest@e1de817]" name="springTestContextAfterTestMethod" is-config="true" duration-ms="0" started-at="2020-04-09T19:48:41 ICT" finished-at="2020-04-09T19:48:41 ICT">
          <params>
            <param index="0">
              <value>
                <![CDATA[public void unitTest.CustomerDAOTest.addCustomer(java.lang.String,java.lang.String,java.lang.String,java.lang.Boolean,java.lang.String,java.lang.String,java.lang.Boolean)]]>
              </value>
            </param>
          </params>
          <reporter-output>
          </reporter-output>
        </test-method> <!-- springTestContextAfterTestMethod -->
        <test-method status="PASS" signature="springTestContextAfterTestClass()[pri:0, instance:unitTest.CustomerDAOTest@e1de817]" name="springTestContextAfterTestClass" is-config="true" duration-ms="0" started-at="2020-04-09T19:48:41 ICT" finished-at="2020-04-09T19:48:41 ICT">
          <reporter-output>
          </reporter-output>
        </test-method> <!-- springTestContextAfterTestClass -->
      </class> <!-- unitTest.CustomerDAOTest -->
    </test> <!-- Customer_6 -->
    <test name="Customer_7" duration-ms="61" started-at="2020-04-09T19:48:42 ICT" finished-at="2020-04-09T19:48:42 ICT">
      <class name="unitTest.CustomerDAOTest">
        <test-method status="PASS" signature="springTestContextBeforeTestClass()[pri:0, instance:unitTest.CustomerDAOTest@366647c2]" name="springTestContextBeforeTestClass" is-config="true" duration-ms="0" started-at="2020-04-09T19:48:42 ICT" finished-at="2020-04-09T19:48:42 ICT">
          <reporter-output>
          </reporter-output>
        </test-method> <!-- springTestContextBeforeTestClass -->
        <test-method status="PASS" signature="springTestContextPrepareTestInstance()[pri:0, instance:unitTest.CustomerDAOTest@366647c2]" name="springTestContextPrepareTestInstance" is-config="true" duration-ms="1" started-at="2020-04-09T19:48:42 ICT" depends-on-methods="org.springframework.test.context.testng.AbstractTestNGSpringContextTests.springTestContextBeforeTestClass" finished-at="2020-04-09T19:48:42 ICT">
          <reporter-output>
          </reporter-output>
        </test-method> <!-- springTestContextPrepareTestInstance -->
        <test-method status="PASS" signature="springTestContextBeforeTestMethod(java.lang.reflect.Method)[pri:0, instance:unitTest.CustomerDAOTest@366647c2]" name="springTestContextBeforeTestMethod" is-config="true" duration-ms="1" started-at="2020-04-09T19:48:42 ICT" finished-at="2020-04-09T19:48:42 ICT">
          <params>
            <param index="0">
              <value>
                <![CDATA[public void unitTest.CustomerDAOTest.addCustomer(java.lang.String,java.lang.String,java.lang.String,java.lang.Boolean,java.lang.String,java.lang.String,java.lang.Boolean)]]>
              </value>
            </param>
          </params>
          <reporter-output>
          </reporter-output>
        </test-method> <!-- springTestContextBeforeTestMethod -->
        <test-method status="PASS" signature="newCustomer()[pri:0, instance:unitTest.CustomerDAOTest@366647c2]" name="newCustomer" is-config="true" duration-ms="2" started-at="2020-04-09T19:48:42 ICT" finished-at="2020-04-09T19:48:42 ICT">
          <reporter-output>
          </reporter-output>
        </test-method> <!-- newCustomer -->
        <test-method status="PASS" signature="addCustomer(java.lang.String, java.lang.String, java.lang.String, java.lang.Boolean, java.lang.String, java.lang.String, java.lang.Boolean)[pri:0, instance:unitTest.CustomerDAOTest@366647c2]" name="addCustomer" duration-ms="23" started-at="2020-04-09T19:48:42 ICT" finished-at="2020-04-09T19:48:42 ICT">
          <params>
            <param index="0">
              <value>
                <![CDATA[Nq?ertyuiopsadfgfhjklzxcvbnmqwertyuiopasdfghjklzxc]]>
              </value>
            </param>
            <param index="1">
              <value>
                <![CDATA[loosepussy99]]>
              </value>
            </param>
            <param index="2">
              <value>
                <![CDATA[123456]]>
              </value>
            </param>
            <param index="3">
              <value>
                <![CDATA[false]]>
              </value>
            </param>
            <param index="4">
              <value>
                <![CDATA[0987654321]]>
              </value>
            </param>
            <param index="5">
              <value>
                <![CDATA[6a Wall Street]]>
              </value>
            </param>
            <param index="6">
              <value>
                <![CDATA[true]]>
              </value>
            </param>
          </params>
          <reporter-output>
          </reporter-output>
        </test-method> <!-- addCustomer -->
        <test-method status="PASS" signature="delCustomer()[pri:0, instance:unitTest.CustomerDAOTest@366647c2]" name="delCustomer" is-config="true" duration-ms="13" started-at="2020-04-09T19:48:42 ICT" finished-at="2020-04-09T19:48:42 ICT">
          <reporter-output>
          </reporter-output>
        </test-method> <!-- delCustomer -->
        <test-method status="PASS" signature="springTestContextAfterTestClass()[pri:0, instance:unitTest.CustomerDAOTest@366647c2]" name="springTestContextAfterTestClass" is-config="true" duration-ms="0" started-at="2020-04-09T19:48:42 ICT" finished-at="2020-04-09T19:48:42 ICT">
          <reporter-output>
          </reporter-output>
        </test-method> <!-- springTestContextAfterTestClass -->
        <test-method status="PASS" signature="springTestContextAfterTestMethod(java.lang.reflect.Method)[pri:0, instance:unitTest.CustomerDAOTest@366647c2]" name="springTestContextAfterTestMethod" is-config="true" duration-ms="0" started-at="2020-04-09T19:48:42 ICT" finished-at="2020-04-09T19:48:42 ICT">
          <params>
            <param index="0">
              <value>
                <![CDATA[public void unitTest.CustomerDAOTest.addCustomer(java.lang.String,java.lang.String,java.lang.String,java.lang.Boolean,java.lang.String,java.lang.String,java.lang.Boolean)]]>
              </value>
            </param>
          </params>
          <reporter-output>
          </reporter-output>
        </test-method> <!-- springTestContextAfterTestMethod -->
      </class> <!-- unitTest.CustomerDAOTest -->
    </test> <!-- Customer_7 -->
    <test name="Customer_8" duration-ms="105" started-at="2020-04-09T19:48:42 ICT" finished-at="2020-04-09T19:48:42 ICT">
      <class name="unitTest.CustomerDAOTest">
        <test-method status="PASS" signature="springTestContextBeforeTestClass()[pri:0, instance:unitTest.CustomerDAOTest@77eca502]" name="springTestContextBeforeTestClass" is-config="true" duration-ms="5" started-at="2020-04-09T19:48:42 ICT" finished-at="2020-04-09T19:48:42 ICT">
          <reporter-output>
          </reporter-output>
        </test-method> <!-- springTestContextBeforeTestClass -->
        <test-method status="PASS" signature="springTestContextPrepareTestInstance()[pri:0, instance:unitTest.CustomerDAOTest@77eca502]" name="springTestContextPrepareTestInstance" is-config="true" duration-ms="0" started-at="2020-04-09T19:48:42 ICT" depends-on-methods="org.springframework.test.context.testng.AbstractTestNGSpringContextTests.springTestContextBeforeTestClass" finished-at="2020-04-09T19:48:42 ICT">
          <reporter-output>
          </reporter-output>
        </test-method> <!-- springTestContextPrepareTestInstance -->
        <test-method status="PASS" signature="springTestContextBeforeTestMethod(java.lang.reflect.Method)[pri:0, instance:unitTest.CustomerDAOTest@77eca502]" name="springTestContextBeforeTestMethod" is-config="true" duration-ms="2" started-at="2020-04-09T19:48:42 ICT" finished-at="2020-04-09T19:48:42 ICT">
          <params>
            <param index="0">
              <value>
                <![CDATA[public void unitTest.CustomerDAOTest.addCustomer(java.lang.String,java.lang.String,java.lang.String,java.lang.Boolean,java.lang.String,java.lang.String,java.lang.Boolean)]]>
              </value>
            </param>
          </params>
          <reporter-output>
          </reporter-output>
        </test-method> <!-- springTestContextBeforeTestMethod -->
        <test-method status="PASS" signature="newCustomer()[pri:0, instance:unitTest.CustomerDAOTest@77eca502]" name="newCustomer" is-config="true" duration-ms="0" started-at="2020-04-09T19:48:42 ICT" finished-at="2020-04-09T19:48:42 ICT">
          <reporter-output>
          </reporter-output>
        </test-method> <!-- newCustomer -->
        <test-method status="PASS" signature="addCustomer(java.lang.String, java.lang.String, java.lang.String, java.lang.Boolean, java.lang.String, java.lang.String, java.lang.Boolean)[pri:0, instance:unitTest.CustomerDAOTest@77eca502]" name="addCustomer" duration-ms="44" started-at="2020-04-09T19:48:42 ICT" finished-at="2020-04-09T19:48:42 ICT">
          <params>
            <param index="0">
              <value>
                <![CDATA[Nq?ertyuiopsdadfgfhjklzxcvbnmqwertyuiopasdfghjklzxc]]>
              </value>
            </param>
            <param index="1">
              <value>
                <![CDATA[loosepussy99]]>
              </value>
            </param>
            <param index="2">
              <value>
                <![CDATA[123456]]>
              </value>
            </param>
            <param index="3">
              <value>
                <![CDATA[false]]>
              </value>
            </param>
            <param index="4">
              <value>
                <![CDATA[0987654321]]>
              </value>
            </param>
            <param index="5">
              <value>
                <![CDATA[6a Wall Street]]>
              </value>
            </param>
            <param index="6">
              <value>
                <![CDATA[false]]>
              </value>
            </param>
          </params>
          <reporter-output>
          </reporter-output>
        </test-method> <!-- addCustomer -->
        <test-method status="PASS" signature="delCustomer()[pri:0, instance:unitTest.CustomerDAOTest@77eca502]" name="delCustomer" is-config="true" duration-ms="28" started-at="2020-04-09T19:48:42 ICT" finished-at="2020-04-09T19:48:42 ICT">
          <reporter-output>
          </reporter-output>
        </test-method> <!-- delCustomer -->
        <test-method status="PASS" signature="springTestContextAfterTestClass()[pri:0, instance:unitTest.CustomerDAOTest@77eca502]" name="springTestContextAfterTestClass" is-config="true" duration-ms="0" started-at="2020-04-09T19:48:42 ICT" finished-at="2020-04-09T19:48:42 ICT">
          <reporter-output>
          </reporter-output>
        </test-method> <!-- springTestContextAfterTestClass -->
        <test-method status="PASS" signature="springTestContextAfterTestMethod(java.lang.reflect.Method)[pri:0, instance:unitTest.CustomerDAOTest@77eca502]" name="springTestContextAfterTestMethod" is-config="true" duration-ms="0" started-at="2020-04-09T19:48:42 ICT" finished-at="2020-04-09T19:48:42 ICT">
          <params>
            <param index="0">
              <value>
                <![CDATA[public void unitTest.CustomerDAOTest.addCustomer(java.lang.String,java.lang.String,java.lang.String,java.lang.Boolean,java.lang.String,java.lang.String,java.lang.Boolean)]]>
              </value>
            </param>
          </params>
          <reporter-output>
          </reporter-output>
        </test-method> <!-- springTestContextAfterTestMethod -->
      </class> <!-- unitTest.CustomerDAOTest -->
    </test> <!-- Customer_8 -->
    <test name="Customer_9" duration-ms="284" started-at="2020-04-09T19:48:42 ICT" finished-at="2020-04-09T19:48:43 ICT">
      <class name="unitTest.CustomerDAOTest">
        <test-method status="PASS" signature="springTestContextBeforeTestClass()[pri:0, instance:unitTest.CustomerDAOTest@3e6ef8ad]" name="springTestContextBeforeTestClass" is-config="true" duration-ms="1" started-at="2020-04-09T19:48:42 ICT" finished-at="2020-04-09T19:48:42 ICT">
          <reporter-output>
          </reporter-output>
        </test-method> <!-- springTestContextBeforeTestClass -->
        <test-method status="PASS" signature="springTestContextPrepareTestInstance()[pri:0, instance:unitTest.CustomerDAOTest@3e6ef8ad]" name="springTestContextPrepareTestInstance" is-config="true" duration-ms="1" started-at="2020-04-09T19:48:42 ICT" depends-on-methods="org.springframework.test.context.testng.AbstractTestNGSpringContextTests.springTestContextBeforeTestClass" finished-at="2020-04-09T19:48:42 ICT">
          <reporter-output>
          </reporter-output>
        </test-method> <!-- springTestContextPrepareTestInstance -->
        <test-method status="PASS" signature="springTestContextBeforeTestMethod(java.lang.reflect.Method)[pri:0, instance:unitTest.CustomerDAOTest@3e6ef8ad]" name="springTestContextBeforeTestMethod" is-config="true" duration-ms="0" started-at="2020-04-09T19:48:42 ICT" finished-at="2020-04-09T19:48:42 ICT">
          <params>
            <param index="0">
              <value>
                <![CDATA[public void unitTest.CustomerDAOTest.addCustomer(java.lang.String,java.lang.String,java.lang.String,java.lang.Boolean,java.lang.String,java.lang.String,java.lang.Boolean)]]>
              </value>
            </param>
          </params>
          <reporter-output>
          </reporter-output>
        </test-method> <!-- springTestContextBeforeTestMethod -->
        <test-method status="PASS" signature="newCustomer()[pri:0, instance:unitTest.CustomerDAOTest@3e6ef8ad]" name="newCustomer" is-config="true" duration-ms="1" started-at="2020-04-09T19:48:42 ICT" finished-at="2020-04-09T19:48:42 ICT">
          <reporter-output>
          </reporter-output>
        </test-method> <!-- newCustomer -->
        <test-method status="FAIL" signature="addCustomer(java.lang.String, java.lang.String, java.lang.String, java.lang.Boolean, java.lang.String, java.lang.String, java.lang.Boolean)[pri:0, instance:unitTest.CustomerDAOTest@3e6ef8ad]" name="addCustomer" duration-ms="90" started-at="2020-04-09T19:48:42 ICT" finished-at="2020-04-09T19:48:43 ICT">
          <params>
            <param index="0">
              <value>
                <![CDATA[Nguy?n Minh Châu]]>
              </value>
            </param>
            <param index="1">
              <value>
                <![CDATA[loose]]>
              </value>
            </param>
            <param index="2">
              <value>
                <![CDATA[123456]]>
              </value>
            </param>
            <param index="3">
              <value>
                <![CDATA[false]]>
              </value>
            </param>
            <param index="4">
              <value>
                <![CDATA[0987654321]]>
              </value>
            </param>
            <param index="5">
              <value>
                <![CDATA[6a Wall Street]]>
              </value>
            </param>
            <param index="6">
              <value>
                <![CDATA[false]]>
              </value>
            </param>
          </params>
          <exception class="java.lang.AssertionError">
            <message>
              <![CDATA[expected [false] but found [true]]]>
            </message>
            <full-stacktrace>
              <![CDATA[java.lang.AssertionError: expected [false] but found [true]
at org.testng.Assert.fail(Assert.java:97)
at org.testng.Assert.assertEqualsImpl(Assert.java:136)
at org.testng.Assert.assertEquals(Assert.java:118)
at org.testng.Assert.assertEquals(Assert.java:563)
at unitTest.CustomerDAOTest.addCustomer(CustomerDAOTest.java:54)
at sun.reflect.NativeMethodAccessorImpl.invoke0(Native Method)
at sun.reflect.NativeMethodAccessorImpl.invoke(Unknown Source)
at sun.reflect.DelegatingMethodAccessorImpl.invoke(Unknown Source)
at java.lang.reflect.Method.invoke(Unknown Source)
at org.testng.internal.MethodInvocationHelper.invokeMethod(MethodInvocationHelper.java:133)
at org.testng.internal.MethodInvocationHelper$1.runTestMethod(MethodInvocationHelper.java:239)
at org.springframework.test.context.testng.AbstractTestNGSpringContextTests.run(AbstractTestNGSpringContextTests.java:180)
at org.testng.internal.MethodInvocationHelper.invokeHookable(MethodInvocationHelper.java:251)
at org.testng.internal.TestInvoker.invokeMethod(TestInvoker.java:580)
at org.testng.internal.TestInvoker.invokeTestMethod(TestInvoker.java:172)
at org.testng.internal.MethodRunner.runInSequence(MethodRunner.java:46)
at org.testng.internal.TestInvoker$MethodInvocationAgent.invoke(TestInvoker.java:804)
at org.testng.internal.TestInvoker.invokeTestMethods(TestInvoker.java:145)
at org.testng.internal.TestMethodWorker.invokeTestMethods(TestMethodWorker.java:146)
at org.testng.internal.TestMethodWorker.run(TestMethodWorker.java:128)
at java.util.ArrayList.forEach(Unknown Source)
at org.testng.TestRunner.privateRun(TestRunner.java:770)
at org.testng.TestRunner.run(TestRunner.java:591)
at org.testng.SuiteRunner.runTest(SuiteRunner.java:402)
at org.testng.SuiteRunner.runSequentially(SuiteRunner.java:396)
at org.testng.SuiteRunner.privateRun(SuiteRunner.java:355)
at org.testng.SuiteRunner.run(SuiteRunner.java:304)
at org.testng.SuiteRunnerWorker.runSuite(SuiteRunnerWorker.java:53)
at org.testng.SuiteRunnerWorker.run(SuiteRunnerWorker.java:96)
at org.testng.TestNG.runSuitesSequentially(TestNG.java:1180)
at org.testng.TestNG.runSuitesLocally(TestNG.java:1102)
at org.testng.TestNG.runSuites(TestNG.java:1032)
at org.testng.TestNG.run(TestNG.java:1000)
at org.testng.remote.AbstractRemoteTestNG.run(AbstractRemoteTestNG.java:115)
at org.testng.remote.RemoteTestNG.initAndRun(RemoteTestNG.java:251)
at org.testng.remote.RemoteTestNG.main(RemoteTestNG.java:77)
]]>
            </full-stacktrace>
          </exception> <!-- java.lang.AssertionError -->
          <reporter-output>
          </reporter-output>
        </test-method> <!-- addCustomer -->
        <test-method status="PASS" signature="delCustomer()[pri:0, instance:unitTest.CustomerDAOTest@3e6ef8ad]" name="delCustomer" is-config="true" duration-ms="150" started-at="2020-04-09T19:48:43 ICT" finished-at="2020-04-09T19:48:43 ICT">
          <reporter-output>
          </reporter-output>
        </test-method> <!-- delCustomer -->
        <test-method status="PASS" signature="springTestContextAfterTestMethod(java.lang.reflect.Method)[pri:0, instance:unitTest.CustomerDAOTest@3e6ef8ad]" name="springTestContextAfterTestMethod" is-config="true" duration-ms="0" started-at="2020-04-09T19:48:43 ICT" finished-at="2020-04-09T19:48:43 ICT">
          <params>
            <param index="0">
              <value>
                <![CDATA[public void unitTest.CustomerDAOTest.addCustomer(java.lang.String,java.lang.String,java.lang.String,java.lang.Boolean,java.lang.String,java.lang.String,java.lang.Boolean)]]>
              </value>
            </param>
          </params>
          <reporter-output>
          </reporter-output>
        </test-method> <!-- springTestContextAfterTestMethod -->
        <test-method status="PASS" signature="springTestContextAfterTestClass()[pri:0, instance:unitTest.CustomerDAOTest@3e6ef8ad]" name="springTestContextAfterTestClass" is-config="true" duration-ms="0" started-at="2020-04-09T19:48:43 ICT" finished-at="2020-04-09T19:48:43 ICT">
          <reporter-output>
          </reporter-output>
        </test-method> <!-- springTestContextAfterTestClass -->
      </class> <!-- unitTest.CustomerDAOTest -->
    </test> <!-- Customer_9 -->
    <test name="Customer_10" duration-ms="232" started-at="2020-04-09T19:48:43 ICT" finished-at="2020-04-09T19:48:43 ICT">
      <class name="unitTest.CustomerDAOTest">
        <test-method status="PASS" signature="springTestContextBeforeTestClass()[pri:0, instance:unitTest.CustomerDAOTest@c333c60]" name="springTestContextBeforeTestClass" is-config="true" duration-ms="0" started-at="2020-04-09T19:48:43 ICT" finished-at="2020-04-09T19:48:43 ICT">
          <reporter-output>
          </reporter-output>
        </test-method> <!-- springTestContextBeforeTestClass -->
        <test-method status="PASS" signature="springTestContextPrepareTestInstance()[pri:0, instance:unitTest.CustomerDAOTest@c333c60]" name="springTestContextPrepareTestInstance" is-config="true" duration-ms="1" started-at="2020-04-09T19:48:43 ICT" depends-on-methods="org.springframework.test.context.testng.AbstractTestNGSpringContextTests.springTestContextBeforeTestClass" finished-at="2020-04-09T19:48:43 ICT">
          <reporter-output>
          </reporter-output>
        </test-method> <!-- springTestContextPrepareTestInstance -->
        <test-method status="PASS" signature="springTestContextBeforeTestMethod(java.lang.reflect.Method)[pri:0, instance:unitTest.CustomerDAOTest@c333c60]" name="springTestContextBeforeTestMethod" is-config="true" duration-ms="1" started-at="2020-04-09T19:48:43 ICT" finished-at="2020-04-09T19:48:43 ICT">
          <params>
            <param index="0">
              <value>
                <![CDATA[public void unitTest.CustomerDAOTest.addCustomer(java.lang.String,java.lang.String,java.lang.String,java.lang.Boolean,java.lang.String,java.lang.String,java.lang.Boolean)]]>
              </value>
            </param>
          </params>
          <reporter-output>
          </reporter-output>
        </test-method> <!-- springTestContextBeforeTestMethod -->
        <test-method status="PASS" signature="newCustomer()[pri:0, instance:unitTest.CustomerDAOTest@c333c60]" name="newCustomer" is-config="true" duration-ms="0" started-at="2020-04-09T19:48:43 ICT" finished-at="2020-04-09T19:48:43 ICT">
          <reporter-output>
          </reporter-output>
        </test-method> <!-- newCustomer -->
        <test-method status="PASS" signature="addCustomer(java.lang.String, java.lang.String, java.lang.String, java.lang.Boolean, java.lang.String, java.lang.String, java.lang.Boolean)[pri:0, instance:unitTest.CustomerDAOTest@c333c60]" name="addCustomer" duration-ms="59" started-at="2020-04-09T19:48:43 ICT" finished-at="2020-04-09T19:48:43 ICT">
          <params>
            <param index="0">
              <value>
                <![CDATA[Nguy?n Minh Châu]]>
              </value>
            </param>
            <param index="1">
              <value>
                <![CDATA[loosep]]>
              </value>
            </param>
            <param index="2">
              <value>
                <![CDATA[123456]]>
              </value>
            </param>
            <param index="3">
              <value>
                <![CDATA[false]]>
              </value>
            </param>
            <param index="4">
              <value>
                <![CDATA[0987654321]]>
              </value>
            </param>
            <param index="5">
              <value>
                <![CDATA[6a Wall Street]]>
              </value>
            </param>
            <param index="6">
              <value>
                <![CDATA[true]]>
              </value>
            </param>
          </params>
          <reporter-output>
          </reporter-output>
        </test-method> <!-- addCustomer -->
        <test-method status="PASS" signature="delCustomer()[pri:0, instance:unitTest.CustomerDAOTest@c333c60]" name="delCustomer" is-config="true" duration-ms="139" started-at="2020-04-09T19:48:43 ICT" finished-at="2020-04-09T19:48:43 ICT">
          <reporter-output>
          </reporter-output>
        </test-method> <!-- delCustomer -->
        <test-method status="PASS" signature="springTestContextAfterTestMethod(java.lang.reflect.Method)[pri:0, instance:unitTest.CustomerDAOTest@c333c60]" name="springTestContextAfterTestMethod" is-config="true" duration-ms="0" started-at="2020-04-09T19:48:43 ICT" finished-at="2020-04-09T19:48:43 ICT">
          <params>
            <param index="0">
              <value>
                <![CDATA[public void unitTest.CustomerDAOTest.addCustomer(java.lang.String,java.lang.String,java.lang.String,java.lang.Boolean,java.lang.String,java.lang.String,java.lang.Boolean)]]>
              </value>
            </param>
          </params>
          <reporter-output>
          </reporter-output>
        </test-method> <!-- springTestContextAfterTestMethod -->
        <test-method status="PASS" signature="springTestContextAfterTestClass()[pri:0, instance:unitTest.CustomerDAOTest@c333c60]" name="springTestContextAfterTestClass" is-config="true" duration-ms="0" started-at="2020-04-09T19:48:43 ICT" finished-at="2020-04-09T19:48:43 ICT">
          <reporter-output>
          </reporter-output>
        </test-method> <!-- springTestContextAfterTestClass -->
      </class> <!-- unitTest.CustomerDAOTest -->
    </test> <!-- Customer_10 -->
    <test name="Customer_11" duration-ms="341" started-at="2020-04-09T19:48:44 ICT" finished-at="2020-04-09T19:48:44 ICT">
      <class name="unitTest.CustomerDAOTest">
        <test-method status="PASS" signature="springTestContextPrepareTestInstance()[pri:0, instance:unitTest.CustomerDAOTest@4944252c]" name="springTestContextPrepareTestInstance" is-config="true" duration-ms="4" started-at="2020-04-09T19:48:44 ICT" depends-on-methods="org.springframework.test.context.testng.AbstractTestNGSpringContextTests.springTestContextBeforeTestClass" finished-at="2020-04-09T19:48:44 ICT">
          <reporter-output>
          </reporter-output>
        </test-method> <!-- springTestContextPrepareTestInstance -->
        <test-method status="PASS" signature="springTestContextBeforeTestClass()[pri:0, instance:unitTest.CustomerDAOTest@4944252c]" name="springTestContextBeforeTestClass" is-config="true" duration-ms="0" started-at="2020-04-09T19:48:44 ICT" finished-at="2020-04-09T19:48:44 ICT">
          <reporter-output>
          </reporter-output>
        </test-method> <!-- springTestContextBeforeTestClass -->
        <test-method status="PASS" signature="springTestContextBeforeTestMethod(java.lang.reflect.Method)[pri:0, instance:unitTest.CustomerDAOTest@4944252c]" name="springTestContextBeforeTestMethod" is-config="true" duration-ms="0" started-at="2020-04-09T19:48:44 ICT" finished-at="2020-04-09T19:48:44 ICT">
          <params>
            <param index="0">
              <value>
                <![CDATA[public void unitTest.CustomerDAOTest.addCustomer(java.lang.String,java.lang.String,java.lang.String,java.lang.Boolean,java.lang.String,java.lang.String,java.lang.Boolean)]]>
              </value>
            </param>
          </params>
          <reporter-output>
          </reporter-output>
        </test-method> <!-- springTestContextBeforeTestMethod -->
        <test-method status="PASS" signature="newCustomer()[pri:0, instance:unitTest.CustomerDAOTest@4944252c]" name="newCustomer" is-config="true" duration-ms="0" started-at="2020-04-09T19:48:44 ICT" finished-at="2020-04-09T19:48:44 ICT">
          <reporter-output>
          </reporter-output>
        </test-method> <!-- newCustomer -->
        <test-method status="PASS" signature="addCustomer(java.lang.String, java.lang.String, java.lang.String, java.lang.Boolean, java.lang.String, java.lang.String, java.lang.Boolean)[pri:0, instance:unitTest.CustomerDAOTest@4944252c]" name="addCustomer" duration-ms="101" started-at="2020-04-09T19:48:44 ICT" finished-at="2020-04-09T19:48:44 ICT">
          <params>
            <param index="0">
              <value>
                <![CDATA[Nguy?n Minh Châu]]>
              </value>
            </param>
            <param index="1">
              <value>
                <![CDATA[looseqdertyuiopasdf]]>
              </value>
            </param>
            <param index="2">
              <value>
                <![CDATA[123456]]>
              </value>
            </param>
            <param index="3">
              <value>
                <![CDATA[false]]>
              </value>
            </param>
            <param index="4">
              <value>
                <![CDATA[0987654321]]>
              </value>
            </param>
            <param index="5">
              <value>
                <![CDATA[6a Wall Street]]>
              </value>
            </param>
            <param index="6">
              <value>
                <![CDATA[true]]>
              </value>
            </param>
          </params>
          <reporter-output>
          </reporter-output>
        </test-method> <!-- addCustomer -->
        <test-method status="PASS" signature="delCustomer()[pri:0, instance:unitTest.CustomerDAOTest@4944252c]" name="delCustomer" is-config="true" duration-ms="192" started-at="2020-04-09T19:48:44 ICT" finished-at="2020-04-09T19:48:44 ICT">
          <reporter-output>
          </reporter-output>
        </test-method> <!-- delCustomer -->
        <test-method status="PASS" signature="springTestContextAfterTestMethod(java.lang.reflect.Method)[pri:0, instance:unitTest.CustomerDAOTest@4944252c]" name="springTestContextAfterTestMethod" is-config="true" duration-ms="1" started-at="2020-04-09T19:48:44 ICT" finished-at="2020-04-09T19:48:44 ICT">
          <params>
            <param index="0">
              <value>
                <![CDATA[public void unitTest.CustomerDAOTest.addCustomer(java.lang.String,java.lang.String,java.lang.String,java.lang.Boolean,java.lang.String,java.lang.String,java.lang.Boolean)]]>
              </value>
            </param>
          </params>
          <reporter-output>
          </reporter-output>
        </test-method> <!-- springTestContextAfterTestMethod -->
        <test-method status="PASS" signature="springTestContextAfterTestClass()[pri:0, instance:unitTest.CustomerDAOTest@4944252c]" name="springTestContextAfterTestClass" is-config="true" duration-ms="0" started-at="2020-04-09T19:48:44 ICT" finished-at="2020-04-09T19:48:44 ICT">
          <reporter-output>
          </reporter-output>
        </test-method> <!-- springTestContextAfterTestClass -->
      </class> <!-- unitTest.CustomerDAOTest -->
    </test> <!-- Customer_11 -->
    <test name="Customer_12" duration-ms="274" started-at="2020-04-09T19:48:44 ICT" finished-at="2020-04-09T19:48:44 ICT">
      <class name="unitTest.CustomerDAOTest">
        <test-method status="PASS" signature="springTestContextBeforeTestClass()[pri:0, instance:unitTest.CustomerDAOTest@b62d79]" name="springTestContextBeforeTestClass" is-config="true" duration-ms="0" started-at="2020-04-09T19:48:44 ICT" finished-at="2020-04-09T19:48:44 ICT">
          <reporter-output>
          </reporter-output>
        </test-method> <!-- springTestContextBeforeTestClass -->
        <test-method status="PASS" signature="springTestContextPrepareTestInstance()[pri:0, instance:unitTest.CustomerDAOTest@b62d79]" name="springTestContextPrepareTestInstance" is-config="true" duration-ms="1" started-at="2020-04-09T19:48:44 ICT" depends-on-methods="org.springframework.test.context.testng.AbstractTestNGSpringContextTests.springTestContextBeforeTestClass" finished-at="2020-04-09T19:48:44 ICT">
          <reporter-output>
          </reporter-output>
        </test-method> <!-- springTestContextPrepareTestInstance -->
        <test-method status="PASS" signature="addCustomer(java.lang.String, java.lang.String, java.lang.String, java.lang.Boolean, java.lang.String, java.lang.String, java.lang.Boolean)[pri:0, instance:unitTest.CustomerDAOTest@b62d79]" name="addCustomer" duration-ms="85" started-at="2020-04-09T19:48:44 ICT" finished-at="2020-04-09T19:48:44 ICT">
          <params>
            <param index="0">
              <value>
                <![CDATA[Nguy?n Minh Châu]]>
              </value>
            </param>
            <param index="1">
              <value>
                <![CDATA[looseqdertyuiopasdfs]]>
              </value>
            </param>
            <param index="2">
              <value>
                <![CDATA[123456]]>
              </value>
            </param>
            <param index="3">
              <value>
                <![CDATA[false]]>
              </value>
            </param>
            <param index="4">
              <value>
                <![CDATA[0987654321]]>
              </value>
            </param>
            <param index="5">
              <value>
                <![CDATA[6a Wall Street]]>
              </value>
            </param>
            <param index="6">
              <value>
                <![CDATA[true]]>
              </value>
            </param>
          </params>
          <reporter-output>
          </reporter-output>
        </test-method> <!-- addCustomer -->
        <test-method status="PASS" signature="springTestContextBeforeTestMethod(java.lang.reflect.Method)[pri:0, instance:unitTest.CustomerDAOTest@b62d79]" name="springTestContextBeforeTestMethod" is-config="true" duration-ms="0" started-at="2020-04-09T19:48:44 ICT" finished-at="2020-04-09T19:48:44 ICT">
          <params>
            <param index="0">
              <value>
                <![CDATA[public void unitTest.CustomerDAOTest.addCustomer(java.lang.String,java.lang.String,java.lang.String,java.lang.Boolean,java.lang.String,java.lang.String,java.lang.Boolean)]]>
              </value>
            </param>
          </params>
          <reporter-output>
          </reporter-output>
        </test-method> <!-- springTestContextBeforeTestMethod -->
        <test-method status="PASS" signature="newCustomer()[pri:0, instance:unitTest.CustomerDAOTest@b62d79]" name="newCustomer" is-config="true" duration-ms="0" started-at="2020-04-09T19:48:44 ICT" finished-at="2020-04-09T19:48:44 ICT">
          <reporter-output>
          </reporter-output>
        </test-method> <!-- newCustomer -->
        <test-method status="PASS" signature="delCustomer()[pri:0, instance:unitTest.CustomerDAOTest@b62d79]" name="delCustomer" is-config="true" duration-ms="165" started-at="2020-04-09T19:48:44 ICT" finished-at="2020-04-09T19:48:44 ICT">
          <reporter-output>
          </reporter-output>
        </test-method> <!-- delCustomer -->
        <test-method status="PASS" signature="springTestContextAfterTestMethod(java.lang.reflect.Method)[pri:0, instance:unitTest.CustomerDAOTest@b62d79]" name="springTestContextAfterTestMethod" is-config="true" duration-ms="0" started-at="2020-04-09T19:48:44 ICT" finished-at="2020-04-09T19:48:44 ICT">
          <params>
            <param index="0">
              <value>
                <![CDATA[public void unitTest.CustomerDAOTest.addCustomer(java.lang.String,java.lang.String,java.lang.String,java.lang.Boolean,java.lang.String,java.lang.String,java.lang.Boolean)]]>
              </value>
            </param>
          </params>
          <reporter-output>
          </reporter-output>
        </test-method> <!-- springTestContextAfterTestMethod -->
        <test-method status="PASS" signature="springTestContextAfterTestClass()[pri:0, instance:unitTest.CustomerDAOTest@b62d79]" name="springTestContextAfterTestClass" is-config="true" duration-ms="0" started-at="2020-04-09T19:48:44 ICT" finished-at="2020-04-09T19:48:44 ICT">
          <reporter-output>
          </reporter-output>
        </test-method> <!-- springTestContextAfterTestClass -->
      </class> <!-- unitTest.CustomerDAOTest -->
    </test> <!-- Customer_12 -->
    <test name="Customer_13" duration-ms="178" started-at="2020-04-09T19:48:45 ICT" finished-at="2020-04-09T19:48:45 ICT">
      <class name="unitTest.CustomerDAOTest">
        <test-method status="PASS" signature="springTestContextBeforeTestClass()[pri:0, instance:unitTest.CustomerDAOTest@306f16f3]" name="springTestContextBeforeTestClass" is-config="true" duration-ms="0" started-at="2020-04-09T19:48:45 ICT" finished-at="2020-04-09T19:48:45 ICT">
          <reporter-output>
          </reporter-output>
        </test-method> <!-- springTestContextBeforeTestClass -->
        <test-method status="PASS" signature="springTestContextPrepareTestInstance()[pri:0, instance:unitTest.CustomerDAOTest@306f16f3]" name="springTestContextPrepareTestInstance" is-config="true" duration-ms="2" started-at="2020-04-09T19:48:45 ICT" depends-on-methods="org.springframework.test.context.testng.AbstractTestNGSpringContextTests.springTestContextBeforeTestClass" finished-at="2020-04-09T19:48:45 ICT">
          <reporter-output>
          </reporter-output>
        </test-method> <!-- springTestContextPrepareTestInstance -->
        <test-method status="PASS" signature="springTestContextBeforeTestMethod(java.lang.reflect.Method)[pri:0, instance:unitTest.CustomerDAOTest@306f16f3]" name="springTestContextBeforeTestMethod" is-config="true" duration-ms="1" started-at="2020-04-09T19:48:45 ICT" finished-at="2020-04-09T19:48:45 ICT">
          <params>
            <param index="0">
              <value>
                <![CDATA[public void unitTest.CustomerDAOTest.addCustomer(java.lang.String,java.lang.String,java.lang.String,java.lang.Boolean,java.lang.String,java.lang.String,java.lang.Boolean)]]>
              </value>
            </param>
          </params>
          <reporter-output>
          </reporter-output>
        </test-method> <!-- springTestContextBeforeTestMethod -->
        <test-method status="PASS" signature="addCustomer(java.lang.String, java.lang.String, java.lang.String, java.lang.Boolean, java.lang.String, java.lang.String, java.lang.Boolean)[pri:0, instance:unitTest.CustomerDAOTest@306f16f3]" name="addCustomer" duration-ms="56" started-at="2020-04-09T19:48:45 ICT" finished-at="2020-04-09T19:48:45 ICT">
          <params>
            <param index="0">
              <value>
                <![CDATA[Nguy?n Minh Châu]]>
              </value>
            </param>
            <param index="1">
              <value>
                <![CDATA[looseqdertysduiopasdf]]>
              </value>
            </param>
            <param index="2">
              <value>
                <![CDATA[123456]]>
              </value>
            </param>
            <param index="3">
              <value>
                <![CDATA[false]]>
              </value>
            </param>
            <param index="4">
              <value>
                <![CDATA[0987654321]]>
              </value>
            </param>
            <param index="5">
              <value>
                <![CDATA[6a Wall Street]]>
              </value>
            </param>
            <param index="6">
              <value>
                <![CDATA[false]]>
              </value>
            </param>
          </params>
          <reporter-output>
          </reporter-output>
        </test-method> <!-- addCustomer -->
        <test-method status="PASS" signature="newCustomer()[pri:0, instance:unitTest.CustomerDAOTest@306f16f3]" name="newCustomer" is-config="true" duration-ms="0" started-at="2020-04-09T19:48:45 ICT" finished-at="2020-04-09T19:48:45 ICT">
          <reporter-output>
          </reporter-output>
        </test-method> <!-- newCustomer -->
        <test-method status="PASS" signature="delCustomer()[pri:0, instance:unitTest.CustomerDAOTest@306f16f3]" name="delCustomer" is-config="true" duration-ms="90" started-at="2020-04-09T19:48:45 ICT" finished-at="2020-04-09T19:48:45 ICT">
          <reporter-output>
          </reporter-output>
        </test-method> <!-- delCustomer -->
        <test-method status="PASS" signature="springTestContextAfterTestMethod(java.lang.reflect.Method)[pri:0, instance:unitTest.CustomerDAOTest@306f16f3]" name="springTestContextAfterTestMethod" is-config="true" duration-ms="0" started-at="2020-04-09T19:48:45 ICT" finished-at="2020-04-09T19:48:45 ICT">
          <params>
            <param index="0">
              <value>
                <![CDATA[public void unitTest.CustomerDAOTest.addCustomer(java.lang.String,java.lang.String,java.lang.String,java.lang.Boolean,java.lang.String,java.lang.String,java.lang.Boolean)]]>
              </value>
            </param>
          </params>
          <reporter-output>
          </reporter-output>
        </test-method> <!-- springTestContextAfterTestMethod -->
        <test-method status="PASS" signature="springTestContextAfterTestClass()[pri:0, instance:unitTest.CustomerDAOTest@306f16f3]" name="springTestContextAfterTestClass" is-config="true" duration-ms="0" started-at="2020-04-09T19:48:45 ICT" finished-at="2020-04-09T19:48:45 ICT">
          <reporter-output>
          </reporter-output>
        </test-method> <!-- springTestContextAfterTestClass -->
      </class> <!-- unitTest.CustomerDAOTest -->
    </test> <!-- Customer_13 -->
    <test name="Customer_14" duration-ms="218" started-at="2020-04-09T19:48:45 ICT" finished-at="2020-04-09T19:48:45 ICT">
      <class name="unitTest.CustomerDAOTest">
        <test-method status="PASS" signature="springTestContextPrepareTestInstance()[pri:0, instance:unitTest.CustomerDAOTest@223aa2f7]" name="springTestContextPrepareTestInstance" is-config="true" duration-ms="1" started-at="2020-04-09T19:48:45 ICT" depends-on-methods="org.springframework.test.context.testng.AbstractTestNGSpringContextTests.springTestContextBeforeTestClass" finished-at="2020-04-09T19:48:45 ICT">
          <reporter-output>
          </reporter-output>
        </test-method> <!-- springTestContextPrepareTestInstance -->
        <test-method status="PASS" signature="springTestContextBeforeTestClass()[pri:0, instance:unitTest.CustomerDAOTest@223aa2f7]" name="springTestContextBeforeTestClass" is-config="true" duration-ms="0" started-at="2020-04-09T19:48:45 ICT" finished-at="2020-04-09T19:48:45 ICT">
          <reporter-output>
          </reporter-output>
        </test-method> <!-- springTestContextBeforeTestClass -->
        <test-method status="FAIL" signature="addCustomer(java.lang.String, java.lang.String, java.lang.String, java.lang.Boolean, java.lang.String, java.lang.String, java.lang.Boolean)[pri:0, instance:unitTest.CustomerDAOTest@223aa2f7]" name="addCustomer" duration-ms="89" started-at="2020-04-09T19:48:45 ICT" finished-at="2020-04-09T19:48:45 ICT">
          <params>
            <param index="0">
              <value>
                <![CDATA[Nguy?n Minh Châu]]>
              </value>
            </param>
            <param index="1">
              <value>
                <![CDATA[loosepuss]]>
              </value>
            </param>
            <param index="2">
              <value>
                <![CDATA[12345]]>
              </value>
            </param>
            <param index="3">
              <value>
                <![CDATA[false]]>
              </value>
            </param>
            <param index="4">
              <value>
                <![CDATA[0987654321]]>
              </value>
            </param>
            <param index="5">
              <value>
                <![CDATA[6a Wall Street]]>
              </value>
            </param>
            <param index="6">
              <value>
                <![CDATA[false]]>
              </value>
            </param>
          </params>
          <exception class="java.lang.AssertionError">
            <message>
              <![CDATA[expected [false] but found [true]]]>
            </message>
            <full-stacktrace>
              <![CDATA[java.lang.AssertionError: expected [false] but found [true]
at org.testng.Assert.fail(Assert.java:97)
at org.testng.Assert.assertEqualsImpl(Assert.java:136)
at org.testng.Assert.assertEquals(Assert.java:118)
at org.testng.Assert.assertEquals(Assert.java:563)
at unitTest.CustomerDAOTest.addCustomer(CustomerDAOTest.java:54)
at sun.reflect.NativeMethodAccessorImpl.invoke0(Native Method)
at sun.reflect.NativeMethodAccessorImpl.invoke(Unknown Source)
at sun.reflect.DelegatingMethodAccessorImpl.invoke(Unknown Source)
at java.lang.reflect.Method.invoke(Unknown Source)
at org.testng.internal.MethodInvocationHelper.invokeMethod(MethodInvocationHelper.java:133)
at org.testng.internal.MethodInvocationHelper$1.runTestMethod(MethodInvocationHelper.java:239)
at org.springframework.test.context.testng.AbstractTestNGSpringContextTests.run(AbstractTestNGSpringContextTests.java:180)
at org.testng.internal.MethodInvocationHelper.invokeHookable(MethodInvocationHelper.java:251)
at org.testng.internal.TestInvoker.invokeMethod(TestInvoker.java:580)
at org.testng.internal.TestInvoker.invokeTestMethod(TestInvoker.java:172)
at org.testng.internal.MethodRunner.runInSequence(MethodRunner.java:46)
at org.testng.internal.TestInvoker$MethodInvocationAgent.invoke(TestInvoker.java:804)
at org.testng.internal.TestInvoker.invokeTestMethods(TestInvoker.java:145)
at org.testng.internal.TestMethodWorker.invokeTestMethods(TestMethodWorker.java:146)
at org.testng.internal.TestMethodWorker.run(TestMethodWorker.java:128)
at java.util.ArrayList.forEach(Unknown Source)
at org.testng.TestRunner.privateRun(TestRunner.java:770)
at org.testng.TestRunner.run(TestRunner.java:591)
at org.testng.SuiteRunner.runTest(SuiteRunner.java:402)
at org.testng.SuiteRunner.runSequentially(SuiteRunner.java:396)
at org.testng.SuiteRunner.privateRun(SuiteRunner.java:355)
at org.testng.SuiteRunner.run(SuiteRunner.java:304)
at org.testng.SuiteRunnerWorker.runSuite(SuiteRunnerWorker.java:53)
at org.testng.SuiteRunnerWorker.run(SuiteRunnerWorker.java:96)
at org.testng.TestNG.runSuitesSequentially(TestNG.java:1180)
at org.testng.TestNG.runSuitesLocally(TestNG.java:1102)
at org.testng.TestNG.runSuites(TestNG.java:1032)
at org.testng.TestNG.run(TestNG.java:1000)
at org.testng.remote.AbstractRemoteTestNG.run(AbstractRemoteTestNG.java:115)
at org.testng.remote.RemoteTestNG.initAndRun(RemoteTestNG.java:251)
at org.testng.remote.RemoteTestNG.main(RemoteTestNG.java:77)
]]>
            </full-stacktrace>
          </exception> <!-- java.lang.AssertionError -->
          <reporter-output>
          </reporter-output>
        </test-method> <!-- addCustomer -->
        <test-method status="PASS" signature="newCustomer()[pri:0, instance:unitTest.CustomerDAOTest@223aa2f7]" name="newCustomer" is-config="true" duration-ms="0" started-at="2020-04-09T19:48:45 ICT" finished-at="2020-04-09T19:48:45 ICT">
          <reporter-output>
          </reporter-output>
        </test-method> <!-- newCustomer -->
        <test-method status="PASS" signature="springTestContextBeforeTestMethod(java.lang.reflect.Method)[pri:0, instance:unitTest.CustomerDAOTest@223aa2f7]" name="springTestContextBeforeTestMethod" is-config="true" duration-ms="0" started-at="2020-04-09T19:48:45 ICT" finished-at="2020-04-09T19:48:45 ICT">
          <params>
            <param index="0">
              <value>
[...]
          <reporter-output>
          </reporter-output>
        </test-method> <!-- springTestContextPrepareTestInstance -->
        <test-method status="PASS" signature="springTestContextBeforeTestMethod(java.lang.reflect.Method)[pri:0, instance:unitTest.CustomerDAOTest@1033576a]" name="springTestContextBeforeTestMethod" is-config="true" duration-ms="1" started-at="2020-04-09T19:48:55 ICT" finished-at="2020-04-09T19:48:55 ICT">
          <params>
            <param index="0">
              <value>
                <![CDATA[public void unitTest.CustomerDAOTest.addCustomer(java.lang.String,java.lang.String,java.lang.String,java.lang.Boolean,java.lang.String,java.lang.String,java.lang.Boolean)]]>
              </value>
            </param>
          </params>
          <reporter-output>
          </reporter-output>
        </test-method> <!-- springTestContextBeforeTestMethod -->
        <test-method status="PASS" signature="addCustomer(java.lang.String, java.lang.String, java.lang.String, java.lang.Boolean, java.lang.String, java.lang.String, java.lang.Boolean)[pri:0, instance:unitTest.CustomerDAOTest@1033576a]" name="addCustomer" duration-ms="17" started-at="2020-04-09T19:48:55 ICT" finished-at="2020-04-09T19:48:55 ICT">
          <params>
            <param index="0">
              <value>
                <![CDATA[Nguy?n Minh Châu]]>
              </value>
            </param>
            <param index="1">
              <value>
                <![CDATA[loosepuss]]>
              </value>
            </param>
            <param index="2">
              <value>
                <![CDATA[123456]]>
              </value>
            </param>
            <param index="3">
              <value>
                <![CDATA[false]]>
              </value>
            </param>
            <param index="4">
              <value>
                <![CDATA[0987654321]]>
              </value>
            </param>
            <param index="5">
              <value is-null="true"/>
            </param>
            <param index="6">
              <value>
                <![CDATA[true]]>
              </value>
            </param>
          </params>
          <reporter-output>
          </reporter-output>
        </test-method> <!-- addCustomer -->
        <test-method status="PASS" signature="newCustomer()[pri:0, instance:unitTest.CustomerDAOTest@1033576a]" name="newCustomer" is-config="true" duration-ms="0" started-at="2020-04-09T19:48:55 ICT" finished-at="2020-04-09T19:48:55 ICT">
          <reporter-output>
          </reporter-output>
        </test-method> <!-- newCustomer -->
        <test-method status="PASS" signature="delCustomer()[pri:0, instance:unitTest.CustomerDAOTest@1033576a]" name="delCustomer" is-config="true" duration-ms="53" started-at="2020-04-09T19:48:55 ICT" finished-at="2020-04-09T19:48:55 ICT">
          <reporter-output>
          </reporter-output>
        </test-method> <!-- delCustomer -->
        <test-method status="PASS" signature="springTestContextAfterTestMethod(java.lang.reflect.Method)[pri:0, instance:unitTest.CustomerDAOTest@1033576a]" name="springTestContextAfterTestMethod" is-config="true" duration-ms="1" started-at="2020-04-09T19:48:55 ICT" finished-at="2020-04-09T19:48:55 ICT">
          <params>
            <param index="0">
              <value>
                <![CDATA[public void unitTest.CustomerDAOTest.addCustomer(java.lang.String,java.lang.String,java.lang.String,java.lang.Boolean,java.lang.String,java.lang.String,java.lang.Boolean)]]>
              </value>
            </param>
          </params>
          <reporter-output>
          </reporter-output>
        </test-method> <!-- springTestContextAfterTestMethod -->
        <test-method status="PASS" signature="springTestContextAfterTestClass()[pri:0, instance:unitTest.CustomerDAOTest@1033576a]" name="springTestContextAfterTestClass" is-config="true" duration-ms="0" started-at="2020-04-09T19:48:55 ICT" finished-at="2020-04-09T19:48:55 ICT">
          <reporter-output>
          </reporter-output>
        </test-method> <!-- springTestContextAfterTestClass -->
      </class> <!-- unitTest.CustomerDAOTest -->
    </test> <!-- Customer_47 -->
    <test name="Customer_48" duration-ms="45" started-at="2020-04-09T19:48:55 ICT" finished-at="2020-04-09T19:48:55 ICT">
      <class name="unitTest.CustomerDAOTest">
        <test-method status="PASS" signature="springTestContextBeforeTestClass()[pri:0, instance:unitTest.CustomerDAOTest@73eb439a]" name="springTestContextBeforeTestClass" is-config="true" duration-ms="0" started-at="2020-04-09T19:48:55 ICT" finished-at="2020-04-09T19:48:55 ICT">
          <reporter-output>
          </reporter-output>
        </test-method> <!-- springTestContextBeforeTestClass -->
        <test-method status="PASS" signature="springTestContextPrepareTestInstance()[pri:0, instance:unitTest.CustomerDAOTest@73eb439a]" name="springTestContextPrepareTestInstance" is-config="true" duration-ms="1" started-at="2020-04-09T19:48:55 ICT" depends-on-methods="org.springframework.test.context.testng.AbstractTestNGSpringContextTests.springTestContextBeforeTestClass" finished-at="2020-04-09T19:48:55 ICT">
          <reporter-output>
          </reporter-output>
        </test-method> <!-- springTestContextPrepareTestInstance -->
        <test-method status="PASS" signature="springTestContextBeforeTestMethod(java.lang.reflect.Method)[pri:0, instance:unitTest.CustomerDAOTest@73eb439a]" name="springTestContextBeforeTestMethod" is-config="true" duration-ms="1" started-at="2020-04-09T19:48:55 ICT" finished-at="2020-04-09T19:48:55 ICT">
          <params>
            <param index="0">
              <value>
                <![CDATA[public void unitTest.CustomerDAOTest.addCustomer(java.lang.String,java.lang.String,java.lang.String,java.lang.Boolean,java.lang.String,java.lang.String,java.lang.Boolean)]]>
              </value>
            </param>
          </params>
          <reporter-output>
          </reporter-output>
        </test-method> <!-- springTestContextBeforeTestMethod -->
        <test-method status="PASS" signature="addCustomer(java.lang.String, java.lang.String, java.lang.String, java.lang.Boolean, java.lang.String, java.lang.String, java.lang.Boolean)[pri:0, instance:unitTest.CustomerDAOTest@73eb439a]" name="addCustomer" duration-ms="22" started-at="2020-04-09T19:48:55 ICT" finished-at="2020-04-09T19:48:55 ICT">
          <params>
            <param index="0">
              <value>
                <![CDATA[Nguy?n Minh Châu]]>
              </value>
            </param>
            <param index="1">
              <value>
                <![CDATA[loosepuss]]>
              </value>
            </param>
            <param index="2">
              <value>
                <![CDATA[123456]]>
              </value>
            </param>
            <param index="3">
              <value>
                <![CDATA[true]]>
              </value>
            </param>
            <param index="4">
              <value is-null="true"/>
            </param>
            <param index="5">
              <value is-null="true"/>
            </param>
            <param index="6">
              <value>
                <![CDATA[true]]>
              </value>
            </param>
          </params>
          <reporter-output>
          </reporter-output>
        </test-method> <!-- addCustomer -->
        <test-method status="PASS" signature="newCustomer()[pri:0, instance:unitTest.CustomerDAOTest@73eb439a]" name="newCustomer" is-config="true" duration-ms="0" started-at="2020-04-09T19:48:55 ICT" finished-at="2020-04-09T19:48:55 ICT">
          <reporter-output>
          </reporter-output>
        </test-method> <!-- newCustomer -->
        <test-method status="PASS" signature="delCustomer()[pri:0, instance:unitTest.CustomerDAOTest@73eb439a]" name="delCustomer" is-config="true" duration-ms="18" started-at="2020-04-09T19:48:55 ICT" finished-at="2020-04-09T19:48:55 ICT">
          <reporter-output>
          </reporter-output>
        </test-method> <!-- delCustomer -->
        <test-method status="PASS" signature="springTestContextAfterTestMethod(java.lang.reflect.Method)[pri:0, instance:unitTest.CustomerDAOTest@73eb439a]" name="springTestContextAfterTestMethod" is-config="true" duration-ms="1" started-at="2020-04-09T19:48:55 ICT" finished-at="2020-04-09T19:48:55 ICT">
          <params>
            <param index="0">
              <value>
                <![CDATA[public void unitTest.CustomerDAOTest.addCustomer(java.lang.String,java.lang.String,java.lang.String,java.lang.Boolean,java.lang.String,java.lang.String,java.lang.Boolean)]]>
              </value>
            </param>
          </params>
          <reporter-output>
          </reporter-output>
        </test-method> <!-- springTestContextAfterTestMethod -->
        <test-method status="PASS" signature="springTestContextAfterTestClass()[pri:0, instance:unitTest.CustomerDAOTest@73eb439a]" name="springTestContextAfterTestClass" is-config="true" duration-ms="0" started-at="2020-04-09T19:48:55 ICT" finished-at="2020-04-09T19:48:55 ICT">
          <reporter-output>
          </reporter-output>
        </test-method> <!-- springTestContextAfterTestClass -->
      </class> <!-- unitTest.CustomerDAOTest -->
    </test> <!-- Customer_48 -->
    <test name="Customer_49" duration-ms="33" started-at="2020-04-09T19:48:55 ICT" finished-at="2020-04-09T19:48:55 ICT">
      <class name="unitTest.CustomerDAOTest">
        <test-method status="PASS" signature="springTestContextBeforeTestClass()[pri:0, instance:unitTest.CustomerDAOTest@7fd50002]" name="springTestContextBeforeTestClass" is-config="true" duration-ms="1" started-at="2020-04-09T19:48:55 ICT" finished-at="2020-04-09T19:48:55 ICT">
          <reporter-output>
          </reporter-output>
        </test-method> <!-- springTestContextBeforeTestClass -->
        <test-method status="PASS" signature="springTestContextPrepareTestInstance()[pri:0, instance:unitTest.CustomerDAOTest@7fd50002]" name="springTestContextPrepareTestInstance" is-config="true" duration-ms="1" started-at="2020-04-09T19:48:55 ICT" depends-on-methods="org.springframework.test.context.testng.AbstractTestNGSpringContextTests.springTestContextBeforeTestClass" finished-at="2020-04-09T19:48:55 ICT">
          <reporter-output>
          </reporter-output>
        </test-method> <!-- springTestContextPrepareTestInstance -->
        <test-method status="PASS" signature="springTestContextBeforeTestMethod(java.lang.reflect.Method)[pri:0, instance:unitTest.CustomerDAOTest@7fd50002]" name="springTestContextBeforeTestMethod" is-config="true" duration-ms="1" started-at="2020-04-09T19:48:55 ICT" finished-at="2020-04-09T19:48:55 ICT">
          <params>
            <param index="0">
              <value>
                <![CDATA[public void unitTest.CustomerDAOTest.addCustomer(java.lang.String,java.lang.String,java.lang.String,java.lang.Boolean,java.lang.String,java.lang.String,java.lang.Boolean)]]>
              </value>
            </param>
          </params>
          <reporter-output>
          </reporter-output>
        </test-method> <!-- springTestContextBeforeTestMethod -->
        <test-method status="PASS" signature="addCustomer(java.lang.String, java.lang.String, java.lang.String, java.lang.Boolean, java.lang.String, java.lang.String, java.lang.Boolean)[pri:0, instance:unitTest.CustomerDAOTest@7fd50002]" name="addCustomer" duration-ms="14" started-at="2020-04-09T19:48:55 ICT" finished-at="2020-04-09T19:48:55 ICT">
          <params>
            <param index="0">
              <value is-null="true"/>
            </param>
            <param index="1">
              <value is-null="true"/>
            </param>
            <param index="2">
              <value is-null="true"/>
            </param>
            <param index="3">
              <value>
                <![CDATA[false]]>
              </value>
            </param>
            <param index="4">
              <value>
                <![CDATA[0987654321]]>
              </value>
            </param>
            <param index="5">
              <value>
                <![CDATA[6A Broadway]]>
              </value>
            </param>
            <param index="6">
              <value>
                <![CDATA[false]]>
              </value>
            </param>
          </params>
          <reporter-output>
          </reporter-output>
        </test-method> <!-- addCustomer -->
        <test-method status="PASS" signature="newCustomer()[pri:0, instance:unitTest.CustomerDAOTest@7fd50002]" name="newCustomer" is-config="true" duration-ms="0" started-at="2020-04-09T19:48:55 ICT" finished-at="2020-04-09T19:48:55 ICT">
          <reporter-output>
          </reporter-output>
        </test-method> <!-- newCustomer -->
        <test-method status="PASS" signature="delCustomer()[pri:0, instance:unitTest.CustomerDAOTest@7fd50002]" name="delCustomer" is-config="true" duration-ms="14" started-at="2020-04-09T19:48:55 ICT" finished-at="2020-04-09T19:48:55 ICT">
          <reporter-output>
          </reporter-output>
        </test-method> <!-- delCustomer -->
        <test-method status="PASS" signature="springTestContextAfterTestMethod(java.lang.reflect.Method)[pri:0, instance:unitTest.CustomerDAOTest@7fd50002]" name="springTestContextAfterTestMethod" is-config="true" duration-ms="0" started-at="2020-04-09T19:48:55 ICT" finished-at="2020-04-09T19:48:55 ICT">
          <params>
            <param index="0">
              <value>
                <![CDATA[public void unitTest.CustomerDAOTest.addCustomer(java.lang.String,java.lang.String,java.lang.String,java.lang.Boolean,java.lang.String,java.lang.String,java.lang.Boolean)]]>
              </value>
            </param>
          </params>
          <reporter-output>
          </reporter-output>
        </test-method> <!-- springTestContextAfterTestMethod -->
        <test-method status="PASS" signature="springTestContextAfterTestClass()[pri:0, instance:unitTest.CustomerDAOTest@7fd50002]" name="springTestContextAfterTestClass" is-config="true" duration-ms="0" started-at="2020-04-09T19:48:55 ICT" finished-at="2020-04-09T19:48:55 ICT">
          <reporter-output>
          </reporter-output>
        </test-method> <!-- springTestContextAfterTestClass -->
      </class> <!-- unitTest.CustomerDAOTest -->
    </test> <!-- Customer_49 -->
    <test name="Customer_50" duration-ms="15" started-at="2020-04-09T19:48:55 ICT" finished-at="2020-04-09T19:48:55 ICT">
      <class name="unitTest.CustomerDAOTest">
        <test-method status="PASS" signature="springTestContextPrepareTestInstance()[pri:0, instance:unitTest.CustomerDAOTest@72bc6553]" name="springTestContextPrepareTestInstance" is-config="true" duration-ms="1" started-at="2020-04-09T19:48:55 ICT" depends-on-methods="org.springframework.test.context.testng.AbstractTestNGSpringContextTests.springTestContextBeforeTestClass" finished-at="2020-04-09T19:48:55 ICT">
          <reporter-output>
          </reporter-output>
        </test-method> <!-- springTestContextPrepareTestInstance -->
        <test-method status="PASS" signature="springTestContextBeforeTestClass()[pri:0, instance:unitTest.CustomerDAOTest@72bc6553]" name="springTestContextBeforeTestClass" is-config="true" duration-ms="0" started-at="2020-04-09T19:48:55 ICT" finished-at="2020-04-09T19:48:55 ICT">
          <reporter-output>
          </reporter-output>
        </test-method> <!-- springTestContextBeforeTestClass -->
        <test-method status="PASS" signature="springTestContextBeforeTestMethod(java.lang.reflect.Method)[pri:0, instance:unitTest.CustomerDAOTest@72bc6553]" name="springTestContextBeforeTestMethod" is-config="true" duration-ms="0" started-at="2020-04-09T19:48:55 ICT" finished-at="2020-04-09T19:48:55 ICT">
          <params>
            <param index="0">
              <value>
                <![CDATA[public void unitTest.CustomerDAOTest.addCustomer(java.lang.String,java.lang.String,java.lang.String,java.lang.Boolean,java.lang.String,java.lang.String,java.lang.Boolean)]]>
              </value>
            </param>
          </params>
          <reporter-output>
          </reporter-output>
        </test-method> <!-- springTestContextBeforeTestMethod -->
        <test-method status="PASS" signature="newCustomer()[pri:0, instance:unitTest.CustomerDAOTest@72bc6553]" name="newCustomer" is-config="true" duration-ms="0" started-at="2020-04-09T19:48:55 ICT" finished-at="2020-04-09T19:48:55 ICT">
          <reporter-output>
          </reporter-output>
        </test-method> <!-- newCustomer -->
        <test-method status="PASS" signature="addCustomer(java.lang.String, java.lang.String, java.lang.String, java.lang.Boolean, java.lang.String, java.lang.String, java.lang.Boolean)[pri:0, instance:unitTest.CustomerDAOTest@72bc6553]" name="addCustomer" duration-ms="9" started-at="2020-04-09T19:48:55 ICT" finished-at="2020-04-09T19:48:55 ICT">
          <params>
            <param index="0">
              <value>
                <![CDATA[Nguy?n Minh Châu]]>
              </value>
            </param>
            <param index="1">
              <value>
                <![CDATA[loosepuss]]>
              </value>
            </param>
            <param index="2">
              <value is-null="true"/>
            </param>
            <param index="3">
              <value>
                <![CDATA[true]]>
              </value>
            </param>
            <param index="4">
              <value is-null="true"/>
            </param>
            <param index="5">
              <value>
                <![CDATA[6A Broadway]]>
              </value>
            </param>
            <param index="6">
              <value>
                <![CDATA[false]]>
              </value>
            </param>
          </params>
          <reporter-output>
          </reporter-output>
        </test-method> <!-- addCustomer -->
        <test-method status="PASS" signature="delCustomer()[pri:0, instance:unitTest.CustomerDAOTest@72bc6553]" name="delCustomer" is-config="true" duration-ms="2" started-at="2020-04-09T19:48:55 ICT" finished-at="2020-04-09T19:48:55 ICT">
          <reporter-output>
          </reporter-output>
        </test-method> <!-- delCustomer -->
        <test-method status="PASS" signature="springTestContextAfterTestClass()[pri:0, instance:unitTest.CustomerDAOTest@72bc6553]" name="springTestContextAfterTestClass" is-config="true" duration-ms="1" started-at="2020-04-09T19:48:55 ICT" finished-at="2020-04-09T19:48:55 ICT">
          <reporter-output>
          </reporter-output>
        </test-method> <!-- springTestContextAfterTestClass -->
        <test-method status="PASS" signature="springTestContextAfterTestMethod(java.lang.reflect.Method)[pri:0, instance:unitTest.CustomerDAOTest@72bc6553]" name="springTestContextAfterTestMethod" is-config="true" duration-ms="0" started-at="2020-04-09T19:48:55 ICT" finished-at="2020-04-09T19:48:55 ICT">
          <params>
            <param index="0">
              <value>
                <![CDATA[public void unitTest.CustomerDAOTest.addCustomer(java.lang.String,java.lang.String,java.lang.String,java.lang.Boolean,java.lang.String,java.lang.String,java.lang.Boolean)]]>
              </value>
            </param>
          </params>
          <reporter-output>
          </reporter-output>
        </test-method> <!-- springTestContextAfterTestMethod -->
      </class> <!-- unitTest.CustomerDAOTest -->
    </test> <!-- Customer_50 -->
  </suite> <!-- Suite -->
</testng-results>
